---------------------------------------------------------------
[ 2018-10-31T17:59:49+08:00 ] 58.64.167.49 180.137.117.82 POST /home/api/checkwinmessage.html
[ info ] 58.64.167.49/home/api/checkwinmessage.html [运行时间：0.022352s][吞吐率：44.74req/s] [内存消耗：2,542.02kb] [文件加载：41]
[ info ] [ LANG ] /www/wwwroot/smgj/thinkphp/lang/zh-cn.php
[ info ] [ ROUTE ] array (
  'type' => 'module',
  'module' => 
  array (
    0 => 'home',
    1 => 'api',
    2 => 'checkwinmessage',
  ),
)
[ info ] [ HEADER ] array (
  'host' => '58.64.167.49',
  'user-agent' => 'Mozilla/5.0 (Windows NT 6.1; Win64; x64; rv:63.0) Gecko/20100101 Firefox/63.0',
  'accept' => 'application/json, text/javascript, */*; q=0.01',
  'accept-language' => 'zh-CN,zh;q=0.8,zh-TW;q=0.7,zh-HK;q=0.5,en-US;q=0.3,en;q=0.2',
  'accept-encoding' => 'gzip, deflate',
  'referer' => 'http://58.64.167.49/home/jndeb/index/cate/2/hall/1.html',
  'x-requested-with' => 'XMLHttpRequest',
  'connection' => 'keep-alive',
  'cookie' => 'PHPSESSID=2tg6jlno0uif7ld7lschgl1mc1',
  'content-length' => '0',
)
[ info ] [ PARAM ] array (
  '/home/api/checkwinmessage_html' => '',
)
[ info ] [ RUN ] app\home\controller\Api->checkWinMessage[ /www/wwwroot/smgj/app/home/controller/Api.php ]
[ info ] [ SESSION ] INIT array (
  'id' => '',
  'var_session_id' => '',
  'prefix' => 'think',
  'type' => '',
  'auto_start' => true,
)
[ info ] [ CACHE ] INIT File
[ info ] [ LOG ] INIT File
---------------------------------------------------------------
[ 2018-10-31T17:59:50+08:00 ] 58.64.167.49 125.71.135.64 POST /admin/index/getnewmessage.html
[ info ] 58.64.167.49/admin/index/getnewmessage.html [运行时间：0.044673s][吞吐率：22.38req/s] [内存消耗：3,828.48kb] [文件加载：52]
[ info ] [ LANG ] /www/wwwroot/smgj/thinkphp/lang/zh-cn.php
[ info ] [ ROUTE ] array (
  'type' => 'module',
  'module' => 
  array (
    0 => 'admin',
    1 => 'index',
    2 => 'getnewmessage',
  ),
)
[ info ] [ HEADER ] array (
  'host' => '58.64.167.49',
  'user-agent' => 'Mozilla/5.0 (Windows NT 6.1; WOW64; rv:63.0) Gecko/20100101 Firefox/63.0',
  'accept' => 'application/json, text/javascript, */*; q=0.01',
  'accept-language' => 'zh-CN,zh;q=0.8,zh-TW;q=0.7,zh-HK;q=0.5,en-US;q=0.3,en;q=0.2',
  'accept-encoding' => 'gzip, deflate',
  'referer' => 'http://58.64.167.49/admin/index/index.html',
  'x-requested-with' => 'XMLHttpRequest',
  'connection' => 'keep-alive',
  'cookie' => 'PHPSESSID=btgmm4ru9d5af68m7g9fuo8932',
  'content-length' => '0',
)
[ info ] [ PARAM ] array (
  '/admin/index/getnewmessage_html' => '',
)
[ info ] [ SESSION ] INIT array (
  'id' => '',
  'var_session_id' => '',
  'prefix' => 'think',
  'type' => '',
  'auto_start' => true,
)
[ info ] [ DB ] INIT mysql
[ info ] [ LOG ] INIT File
[ sql ] [ DB ] CONNECT:[ UseTime:0.000594s ] mysql:dbname=smgj;host=127.0.0.1;port=3306;charset=utf8
[ sql ] [ SQL ] SHOW COLUMNS FROM `dl_auth_group_access` [ RunTime:0.001059s ]
[ sql ] [ SQL ] SELECT `group_id` FROM `dl_auth_group_access` WHERE  `uid` = null [ RunTime:0.000216s ]
[ sql ] [ SQL ] SHOW COLUMNS FROM `dl_auth_group` [ RunTime:0.000779s ]
[ sql ] [ SQL ] SELECT * FROM `dl_auth_group` WHERE  `id` IN ('') [ RunTime:0.000361s ]
[ sql ] [ SQL ] SHOW COLUMNS FROM `dl_auth_rule` [ RunTime:0.000989s ]
[ sql ] [ SQL ] SELECT `name` FROM `dl_auth_rule` WHERE  `id` IN (0) [ RunTime:0.000235s ]
[ sql ] [ SQL ] SHOW COLUMNS FROM `dl_right` [ RunTime:0.000856s ]
[ sql ] [ SQL ] SELECT * FROM `dl_right` WHERE  `pid` = 0  AND `status` = 1 ORDER BY sort asc [ RunTime:0.000315s ]
[ sql ] [ SQL ] SELECT * FROM `dl_right` WHERE  `pid` = 3  AND `status` = 1 [ RunTime:0.000281s ]
[ sql ] [ SQL ] SELECT * FROM `dl_right` WHERE  `pid` = 19  AND `status` = 1 [ RunTime:0.000314s ]
[ sql ] [ SQL ] SELECT * FROM `dl_right` WHERE  `pid` = 15  AND `status` = 1 [ RunTime:0.000316s ]
[ sql ] [ SQL ] SELECT * FROM `dl_right` WHERE  `pid` = 7  AND `status` = 1 [ RunTime:0.000276s ]
[ sql ] [ SQL ] SELECT * FROM `dl_right` WHERE  `pid` = 28  AND `status` = 1 [ RunTime:0.000274s ]
[ sql ] [ SQL ] SELECT * FROM `dl_right` WHERE  `pid` = 13  AND `status` = 1 [ RunTime:0.000278s ]
[ sql ] [ SQL ] SELECT * FROM `dl_right` WHERE  `pid` = 11  AND `status` = 1 [ RunTime:0.000283s ]
[ sql ] [ SQL ] SHOW COLUMNS FROM `dl_user` [ RunTime:0.000848s ]
[ sql ] [ SQL ] SELECT `session_id` FROM `dl_user` WHERE  `id` IS NULL LIMIT 1 [ RunTime:0.000214s ]
---------------------------------------------------------------
[ 2018-10-31T17:59:50+08:00 ] 58.64.167.49 125.71.135.64 GET /
[ info ] www.shm2388.com/ [运行时间：0.053832s][吞吐率：18.58req/s] [内存消耗：4,376.59kb] [文件加载：65]
[ info ] [ LANG ] /www/wwwroot/smgj/thinkphp/lang/zh-cn.php
[ info ] [ ROUTE ] array (
  'type' => 'module',
  'module' => 
  array (
    0 => '',
    1 => NULL,
    2 => NULL,
  ),
)
[ info ] [ HEADER ] array (
  'host' => 'www.shm2388.com',
  'connection' => 'keep-alive',
  'cache-control' => 'max-age=0',
  'upgrade-insecure-requests' => '1',
  'user-agent' => 'Mozilla/5.0 (Linux; WEBVIEW_APP 8.0.0; FRD-AL00 Build/HUAWEIFRD-AL00; wv) AppleWebKit/537.36 (KHTML, like Gecko) Version/4.0 Chrome/66.0.3359.126 Mobile Safari/537.36',
  'accept' => 'text/html,application/xhtml+xml,application/xml;q=0.9,image/webp,image/apng,*/*;q=0.8',
  'accept-encoding' => 'gzip, deflate',
  'accept-language' => 'zh-CN,en-US;q=0.9',
  'cookie' => 'PHPSESSID=e7v9gu5f37votn61fcdab8pmr3',
  'x-requested-with' => 'com.smgj.app',
)
[ info ] [ PARAM ] array (
)
[ info ] [ SESSION ] INIT array (
  'id' => '',
  'var_session_id' => '',
  'prefix' => 'think',
  'type' => '',
  'auto_start' => true,
)
[ info ] [ DB ] INIT mysql
[ info ] [ CACHE ] INIT File
[ info ] [ RUN ] app\home\controller\Index->index[ /www/wwwroot/smgj/app/home/controller/Index.php ]
[ info ] [ VIEW ] /www/wwwroot/smgj/public/../app/wap/view/index/index.html [ array (
  0 => 'controllerName',
  1 => 'download',
  2 => 'real',
  3 => 'url',
  4 => 'noticeList',
  5 => 'memMoney',
  6 => 'memInfo',
  7 => 'status',
  8 => 'service_qq',
  9 => 'notice',
) ]
[ info ] [ LOG ] INIT File
[ sql ] [ DB ] CONNECT:[ UseTime:0.000659s ] mysql:dbname=smgj;host=127.0.0.1;port=3306;charset=utf8
[ sql ] [ SQL ] SHOW COLUMNS FROM `dl_member` [ RunTime:0.001859s ]
[ sql ] [ SQL ] SELECT `session_id` FROM `dl_member` WHERE  `id` = 27 LIMIT 1 [ RunTime:0.000373s ]
[ sql ] [ SQL ] SELECT `id`,`money`,`ag_money`,`unpaid_money`,`bb_money`,gm_name as name FROM `dl_member` WHERE  `id` = 27 LIMIT 1 [ RunTime:0.000399s ]
[ sql ] [ SQL ] SELECT * FROM `dl_member` WHERE  `id` = 27 LIMIT 1 [ RunTime:0.000535s ]
[ sql ] [ SQL ] SHOW COLUMNS FROM `dl_setting` [ RunTime:0.001395s ]
[ sql ] [ SQL ] SELECT `service_qq_1` FROM `dl_setting` WHERE  `id` = 1 LIMIT 1 [ RunTime:0.000294s ]
[ sql ] [ SQL ] SHOW COLUMNS FROM `dl_notice` [ RunTime:0.001105s ]
[ sql ] [ SQL ] SELECT * FROM `dl_notice` ORDER BY id desc LIMIT 10 [ RunTime:0.000301s ]
[ sql ] [ SQL ] SELECT * FROM `dl_notice` WHERE  `title` = '紧急公告' ORDER BY id desc LIMIT 1 [ RunTime:0.000244s ]
[ error ] [8192]Function mcrypt_cbc() is deprecated[/www/wwwroot/smgj/app/home/controller/Biapi.php:195]
[ error ] [8192]Function mcrypt_cbc() is deprecated[/www/wwwroot/smgj/app/home/controller/Biapi.php:195]
---------------------------------------------------------------
[ 2018-10-31T17:59:52+08:00 ] 58.64.167.49 180.137.117.82 POST /home/api/checkwinmessage.html
[ info ] 58.64.167.49/home/api/checkwinmessage.html [运行时间：0.022131s][吞吐率：45.19req/s] [内存消耗：2,540.13kb] [文件加载：41]
[ info ] [ LANG ] /www/wwwroot/smgj/thinkphp/lang/zh-cn.php
[ info ] [ ROUTE ] array (
  'type' => 'module',
  'module' => 
  array (
    0 => 'home',
    1 => 'api',
    2 => 'checkwinmessage',
  ),
)
[ info ] [ HEADER ] array (
  'accept' => 'application/json, text/javascript, */*; q=0.01',
  'cookie' => 'PHPSESSID=5di6jngg8c10ui3ap2sp94qof4',
  'x-requested-with' => 'XMLHttpRequest',
  'referer' => 'http://58.64.167.49/home/car/index/cate/5/hall/2/type/two.html',
  'accept-language' => 'zh-CN',
  'accept-encoding' => 'gzip, deflate',
  'host' => '58.64.167.49',
  'connection' => 'Keep-Alive',
  'cache-control' => 'no-cache',
  'user-agent' => 'Mozilla/5.0 (Windows NT 6.1; WOW64; Trident/7.0; rv:11.0) like Gecko Core/1.63.6776.400 QQBrowser/10.3.2577.400',
  'content-length' => '0',
)
[ info ] [ PARAM ] array (
  '/home/api/checkwinmessage_html' => '',
)
[ info ] [ RUN ] app\home\controller\Api->checkWinMessage[ /www/wwwroot/smgj/app/home/controller/Api.php ]
[ info ] [ SESSION ] INIT array (
  'id' => '',
  'var_session_id' => '',
  'prefix' => 'think',
  'type' => '',
  'auto_start' => true,
)
[ info ] [ CACHE ] INIT File
[ info ] [ LOG ] INIT File
---------------------------------------------------------------
[ 2018-10-31T17:59:52+08:00 ] 58.64.167.49 180.137.117.82 POST /home/api/checkwinmessage.html
[ info ] 58.64.167.49/home/api/checkwinmessage.html [运行时间：0.026442s][吞吐率：37.82req/s] [内存消耗：2,540.80kb] [文件加载：41]
[ info ] [ LANG ] /www/wwwroot/smgj/thinkphp/lang/zh-cn.php
[ info ] [ ROUTE ] array (
  'type' => 'module',
  'module' => 
  array (
    0 => 'home',
    1 => 'api',
    2 => 'checkwinmessage',
  ),
)
[ info ] [ HEADER ] array (
  'host' => '58.64.167.49',
  'user-agent' => 'Mozilla/5.0 (Windows NT 10.0; Win64; x64; rv:62.0) Gecko/20100101 Firefox/62.0',
  'accept' => 'application/json, text/javascript, */*; q=0.01',
  'accept-language' => 'zh-CN,zh;q=0.8,zh-TW;q=0.7,zh-HK;q=0.5,en-US;q=0.3,en;q=0.2',
  'accept-encoding' => 'gzip, deflate',
  'referer' => 'http://58.64.167.49/home/xyft/index/cate/7/hall/1/type/two.html',
  'x-requested-with' => 'XMLHttpRequest',
  'cookie' => 'PHPSESSID=g4q0jn4jli53b9l33880oobum0',
  'connection' => 'keep-alive',
  'content-length' => '0',
)
[ info ] [ PARAM ] array (
  '/home/api/checkwinmessage_html' => '',
)
[ info ] [ RUN ] app\home\controller\Api->checkWinMessage[ /www/wwwroot/smgj/app/home/controller/Api.php ]
[ info ] [ SESSION ] INIT array (
  'id' => '',
  'var_session_id' => '',
  'prefix' => 'think',
  'type' => '',
  'auto_start' => true,
)
[ info ] [ CACHE ] INIT File
[ info ] [ LOG ] INIT File
---------------------------------------------------------------
[ 2018-10-31T17:59:53+08:00 ] 58.64.167.49 125.71.135.64 POST /admin/index/getnewmessage.html
[ info ] 58.64.167.49/admin/index/getnewmessage.html [运行时间：0.043766s][吞吐率：22.85req/s] [内存消耗：3,828.48kb] [文件加载：52]
[ info ] [ LANG ] /www/wwwroot/smgj/thinkphp/lang/zh-cn.php
[ info ] [ ROUTE ] array (
  'type' => 'module',
  'module' => 
  array (
    0 => 'admin',
    1 => 'index',
    2 => 'getnewmessage',
  ),
)
[ info ] [ HEADER ] array (
  'host' => '58.64.167.49',
  'user-agent' => 'Mozilla/5.0 (Windows NT 6.1; WOW64; rv:63.0) Gecko/20100101 Firefox/63.0',
  'accept' => 'application/json, text/javascript, */*; q=0.01',
  'accept-language' => 'zh-CN,zh;q=0.8,zh-TW;q=0.7,zh-HK;q=0.5,en-US;q=0.3,en;q=0.2',
  'accept-encoding' => 'gzip, deflate',
  'referer' => 'http://58.64.167.49/admin/index/index.html',
  'x-requested-with' => 'XMLHttpRequest',
  'connection' => 'keep-alive',
  'cookie' => 'PHPSESSID=btgmm4ru9d5af68m7g9fuo8932',
  'content-length' => '0',
)
[ info ] [ PARAM ] array (
  '/admin/index/getnewmessage_html' => '',
)
[ info ] [ SESSION ] INIT array (
  'id' => '',
  'var_session_id' => '',
  'prefix' => 'think',
  'type' => '',
  'auto_start' => true,
)
[ info ] [ DB ] INIT mysql
[ info ] [ LOG ] INIT File
[ sql ] [ DB ] CONNECT:[ UseTime:0.000576s ] mysql:dbname=smgj;host=127.0.0.1;port=3306;charset=utf8
[ sql ] [ SQL ] SHOW COLUMNS FROM `dl_auth_group_access` [ RunTime:0.001087s ]
[ sql ] [ SQL ] SELECT `group_id` FROM `dl_auth_group_access` WHERE  `uid` = null [ RunTime:0.000240s ]
[ sql ] [ SQL ] SHOW COLUMNS FROM `dl_auth_group` [ RunTime:0.000824s ]
[ sql ] [ SQL ] SELECT * FROM `dl_auth_group` WHERE  `id` IN ('') [ RunTime:0.000222s ]
[ sql ] [ SQL ] SHOW COLUMNS FROM `dl_auth_rule` [ RunTime:0.000786s ]
[ sql ] [ SQL ] SELECT `name` FROM `dl_auth_rule` WHERE  `id` IN (0) [ RunTime:0.000216s ]
[ sql ] [ SQL ] SHOW COLUMNS FROM `dl_right` [ RunTime:0.000788s ]
[ sql ] [ SQL ] SELECT * FROM `dl_right` WHERE  `pid` = 0  AND `status` = 1 ORDER BY sort asc [ RunTime:0.000280s ]
[ sql ] [ SQL ] SELECT * FROM `dl_right` WHERE  `pid` = 3  AND `status` = 1 [ RunTime:0.000257s ]
[ sql ] [ SQL ] SELECT * FROM `dl_right` WHERE  `pid` = 19  AND `status` = 1 [ RunTime:0.000265s ]
[ sql ] [ SQL ] SELECT * FROM `dl_right` WHERE  `pid` = 15  AND `status` = 1 [ RunTime:0.000248s ]
[ sql ] [ SQL ] SELECT * FROM `dl_right` WHERE  `pid` = 7  AND `status` = 1 [ RunTime:0.000296s ]
[ sql ] [ SQL ] SELECT * FROM `dl_right` WHERE  `pid` = 28  AND `status` = 1 [ RunTime:0.000228s ]
[ sql ] [ SQL ] SELECT * FROM `dl_right` WHERE  `pid` = 13  AND `status` = 1 [ RunTime:0.000229s ]
[ sql ] [ SQL ] SELECT * FROM `dl_right` WHERE  `pid` = 11  AND `status` = 1 [ RunTime:0.000248s ]
[ sql ] [ SQL ] SHOW COLUMNS FROM `dl_user` [ RunTime:0.000966s ]
[ sql ] [ SQL ] SELECT `session_id` FROM `dl_user` WHERE  `id` IS NULL LIMIT 1 [ RunTime:0.000182s ]
---------------------------------------------------------------
[ 2018-10-31T17:59:54+08:00 ] 58.64.167.49 125.71.135.64 POST /home/api/checkwinmessage.html
[ info ] 58.64.167.49/home/api/checkwinmessage.html [运行时间：0.022454s][吞吐率：44.54req/s] [内存消耗：2,542.79kb] [文件加载：41]
[ info ] [ LANG ] /www/wwwroot/smgj/thinkphp/lang/zh-cn.php
[ info ] [ ROUTE ] array (
  'type' => 'module',
  'module' => 
  array (
    0 => 'home',
    1 => 'api',
    2 => 'checkwinmessage',
  ),
)
[ info ] [ HEADER ] array (
  'host' => '58.64.167.49',
  'connection' => 'keep-alive',
  'pragma' => 'no-cache',
  'cache-control' => 'no-cache',
  'accept' => 'application/json, text/javascript, */*; q=0.01',
  'origin' => 'http://58.64.167.49',
  'x-requested-with' => 'XMLHttpRequest',
  'user-agent' => 'Mozilla/5.0 (Windows NT 6.1; WOW64) AppleWebKit/537.36 (KHTML, like Gecko) Chrome/70.0.3538.77 Safari/537.36',
  'referer' => 'http://58.64.167.49/home/car/index/cate/5/hall/1.html',
  'accept-encoding' => 'gzip, deflate',
  'accept-language' => 'zh-CN,zh;q=0.9',
  'cookie' => 'serverType=apache; order=id%20desc; memSize=15887; conterError=; uploadSize=1073741824; rank=a; BatchSelected=null; backup_path=/www/backup; softType=1; apacheVersion=; phpVersion=0; vcodesum=4; safeMsg=1; upNet=0; downNet=0; PHPSESSID=0mfvgpcgggtl38afraj1jah025; BT_PANEL=23dcb77aca4888ffff82f3c1208c235cf4e6e61c; memRealUsed=1959; mem-before=1959/15533%20%28MB%29; one=0.01; five=0.02; fifteen=0.05; BatchPaste=1; Path=/www/wwwroot/smgj',
  'content-length' => '0',
)
[ info ] [ PARAM ] array (
  '/home/api/checkwinmessage_html' => '',
)
[ info ] [ RUN ] app\home\controller\Api->checkWinMessage[ /www/wwwroot/smgj/app/home/controller/Api.php ]
[ info ] [ SESSION ] INIT array (
  'id' => '',
  'var_session_id' => '',
  'prefix' => 'think',
  'type' => '',
  'auto_start' => true,
)
[ info ] [ CACHE ] INIT File
[ info ] [ LOG ] INIT File
---------------------------------------------------------------
[ 2018-10-31T17:59:56+08:00 ] 58.64.167.49 125.71.135.64 POST /admin/index/getnewmessage.html
[ info ] 58.64.167.49/admin/index/getnewmessage.html [运行时间：0.046442s][吞吐率：21.53req/s] [内存消耗：3,828.48kb] [文件加载：52]
[ info ] [ LANG ] /www/wwwroot/smgj/thinkphp/lang/zh-cn.php
[ info ] [ ROUTE ] array (
  'type' => 'module',
  'module' => 
  array (
    0 => 'admin',
    1 => 'index',
    2 => 'getnewmessage',
  ),
)
[ info ] [ HEADER ] array (
  'host' => '58.64.167.49',
  'user-agent' => 'Mozilla/5.0 (Windows NT 6.1; WOW64; rv:63.0) Gecko/20100101 Firefox/63.0',
  'accept' => 'application/json, text/javascript, */*; q=0.01',
  'accept-language' => 'zh-CN,zh;q=0.8,zh-TW;q=0.7,zh-HK;q=0.5,en-US;q=0.3,en;q=0.2',
  'accept-encoding' => 'gzip, deflate',
  'referer' => 'http://58.64.167.49/admin/index/index.html',
  'x-requested-with' => 'XMLHttpRequest',
  'connection' => 'keep-alive',
  'cookie' => 'PHPSESSID=btgmm4ru9d5af68m7g9fuo8932',
  'content-length' => '0',
)
[ info ] [ PARAM ] array (
  '/admin/index/getnewmessage_html' => '',
)
[ info ] [ SESSION ] INIT array (
  'id' => '',
  'var_session_id' => '',
  'prefix' => 'think',
  'type' => '',
  'auto_start' => true,
)
[ info ] [ DB ] INIT mysql
[ info ] [ LOG ] INIT File
[ sql ] [ DB ] CONNECT:[ UseTime:0.000584s ] mysql:dbname=smgj;host=127.0.0.1;port=3306;charset=utf8
[ sql ] [ SQL ] SHOW COLUMNS FROM `dl_auth_group_access` [ RunTime:0.001036s ]
[ sql ] [ SQL ] SELECT `group_id` FROM `dl_auth_group_access` WHERE  `uid` = null [ RunTime:0.000224s ]
[ sql ] [ SQL ] SHOW COLUMNS FROM `dl_auth_group` [ RunTime:0.000778s ]
[ sql ] [ SQL ] SELECT * FROM `dl_auth_group` WHERE  `id` IN ('') [ RunTime:0.000217s ]
[ sql ] [ SQL ] SHOW COLUMNS FROM `dl_auth_rule` [ RunTime:0.000792s ]
[ sql ] [ SQL ] SELECT `name` FROM `dl_auth_rule` WHERE  `id` IN (0) [ RunTime:0.000218s ]
[ sql ] [ SQL ] SHOW COLUMNS FROM `dl_right` [ RunTime:0.000776s ]
[ sql ] [ SQL ] SELECT * FROM `dl_right` WHERE  `pid` = 0  AND `status` = 1 ORDER BY sort asc [ RunTime:0.000278s ]
[ sql ] [ SQL ] SELECT * FROM `dl_right` WHERE  `pid` = 3  AND `status` = 1 [ RunTime:0.000269s ]
[ sql ] [ SQL ] SELECT * FROM `dl_right` WHERE  `pid` = 19  AND `status` = 1 [ RunTime:0.000268s ]
[ sql ] [ SQL ] SELECT * FROM `dl_right` WHERE  `pid` = 15  AND `status` = 1 [ RunTime:0.000249s ]
[ sql ] [ SQL ] SELECT * FROM `dl_right` WHERE  `pid` = 7  AND `status` = 1 [ RunTime:0.000246s ]
[ sql ] [ SQL ] SELECT * FROM `dl_right` WHERE  `pid` = 28  AND `status` = 1 [ RunTime:0.000285s ]
[ sql ] [ SQL ] SELECT * FROM `dl_right` WHERE  `pid` = 13  AND `status` = 1 [ RunTime:0.000269s ]
[ sql ] [ SQL ] SELECT * FROM `dl_right` WHERE  `pid` = 11  AND `status` = 1 [ RunTime:0.000307s ]
[ sql ] [ SQL ] SHOW COLUMNS FROM `dl_user` [ RunTime:0.000901s ]
[ sql ] [ SQL ] SELECT `session_id` FROM `dl_user` WHERE  `id` IS NULL LIMIT 1 [ RunTime:0.000252s ]
---------------------------------------------------------------
[ 2018-10-31T17:59:59+08:00 ] 58.64.167.49 180.137.117.82 POST /home/api/checkwinmessage.html
[ info ] 58.64.167.49/home/api/checkwinmessage.html [运行时间：0.020738s][吞吐率：48.22req/s] [内存消耗：2,542.01kb] [文件加载：41]
[ info ] [ LANG ] /www/wwwroot/smgj/thinkphp/lang/zh-cn.php
[ info ] [ ROUTE ] array (
  'type' => 'module',
  'module' => 
  array (
    0 => 'home',
    1 => 'api',
    2 => 'checkwinmessage',
  ),
)
[ info ] [ HEADER ] array (
  'host' => '58.64.167.49',
  'user-agent' => 'Mozilla/5.0 (Windows NT 6.1; Win64; x64; rv:63.0) Gecko/20100101 Firefox/63.0',
  'accept' => 'application/json, text/javascript, */*; q=0.01',
  'accept-language' => 'zh-CN,zh;q=0.8,zh-TW;q=0.7,zh-HK;q=0.5,en-US;q=0.3,en;q=0.2',
  'accept-encoding' => 'gzip, deflate',
  'referer' => 'http://58.64.167.49/home/jndeb/index/cate/2/hall/1.html',
  'x-requested-with' => 'XMLHttpRequest',
  'connection' => 'keep-alive',
  'cookie' => 'PHPSESSID=2tg6jlno0uif7ld7lschgl1mc1',
  'content-length' => '0',
)
[ info ] [ PARAM ] array (
  '/home/api/checkwinmessage_html' => '',
)
[ info ] [ RUN ] app\home\controller\Api->checkWinMessage[ /www/wwwroot/smgj/app/home/controller/Api.php ]
[ info ] [ SESSION ] INIT array (
  'id' => '',
  'var_session_id' => '',
  'prefix' => 'think',
  'type' => '',
  'auto_start' => true,
)
[ info ] [ CACHE ] INIT File
[ info ] [ LOG ] INIT File
---------------------------------------------------------------
[ 2018-10-31T17:59:59+08:00 ] 58.64.167.49 125.71.135.64 POST /admin/index/getnewmessage.html
[ info ] 58.64.167.49/admin/index/getnewmessage.html [运行时间：0.044407s][吞吐率：22.52req/s] [内存消耗：3,828.48kb] [文件加载：52]
[ info ] [ LANG ] /www/wwwroot/smgj/thinkphp/lang/zh-cn.php
[ info ] [ ROUTE ] array (
  'type' => 'module',
  'module' => 
  array (
    0 => 'admin',
    1 => 'index',
    2 => 'getnewmessage',
  ),
)
[ info ] [ HEADER ] array (
  'host' => '58.64.167.49',
  'user-agent' => 'Mozilla/5.0 (Windows NT 6.1; WOW64; rv:63.0) Gecko/20100101 Firefox/63.0',
  'accept' => 'application/json, text/javascript, */*; q=0.01',
  'accept-language' => 'zh-CN,zh;q=0.8,zh-TW;q=0.7,zh-HK;q=0.5,en-US;q=0.3,en;q=0.2',
  'accept-encoding' => 'gzip, deflate',
  'referer' => 'http://58.64.167.49/admin/index/index.html',
  'x-requested-with' => 'XMLHttpRequest',
  'connection' => 'keep-alive',
  'cookie' => 'PHPSESSID=btgmm4ru9d5af68m7g9fuo8932',
  'content-length' => '0',
)
[ info ] [ PARAM ] array (
  '/admin/index/getnewmessage_html' => '',
)
[ info ] [ SESSION ] INIT array (
  'id' => '',
  'var_session_id' => '',
  'prefix' => 'think',
  'type' => '',
  'auto_start' => true,
)
[ info ] [ DB ] INIT mysql
[ info ] [ LOG ] INIT File
[ sql ] [ DB ] CONNECT:[ UseTime:0.000649s ] mysql:dbname=smgj;host=127.0.0.1;port=3306;charset=utf8
[ sql ] [ SQL ] SHOW COLUMNS FROM `dl_auth_group_access` [ RunTime:0.001089s ]
[ sql ] [ SQL ] SELECT `group_id` FROM `dl_auth_group_access` WHERE  `uid` = null [ RunTime:0.000240s ]
[ sql ] [ SQL ] SHOW COLUMNS FROM `dl_auth_group` [ RunTime:0.000873s ]
[ sql ] [ SQL ] SELECT * FROM `dl_auth_group` WHERE  `id` IN ('') [ RunTime:0.000232s ]
[ sql ] [ SQL ] SHOW COLUMNS FROM `dl_auth_rule` [ RunTime:0.000849s ]
[ sql ] [ SQL ] SELECT `name` FROM `dl_auth_rule` WHERE  `id` IN (0) [ RunTime:0.000245s ]
[ sql ] [ SQL ] SHOW COLUMNS FROM `dl_right` [ RunTime:0.000898s ]
[ sql ] [ SQL ] SELECT * FROM `dl_right` WHERE  `pid` = 0  AND `status` = 1 ORDER BY sort asc [ RunTime:0.000337s ]
[ sql ] [ SQL ] SELECT * FROM `dl_right` WHERE  `pid` = 3  AND `status` = 1 [ RunTime:0.000278s ]
[ sql ] [ SQL ] SELECT * FROM `dl_right` WHERE  `pid` = 19  AND `status` = 1 [ RunTime:0.000302s ]
[ sql ] [ SQL ] SELECT * FROM `dl_right` WHERE  `pid` = 15  AND `status` = 1 [ RunTime:0.000275s ]
[ sql ] [ SQL ] SELECT * FROM `dl_right` WHERE  `pid` = 7  AND `status` = 1 [ RunTime:0.000371s ]
[ sql ] [ SQL ] SELECT * FROM `dl_right` WHERE  `pid` = 28  AND `status` = 1 [ RunTime:0.000268s ]
[ sql ] [ SQL ] SELECT * FROM `dl_right` WHERE  `pid` = 13  AND `status` = 1 [ RunTime:0.000272s ]
[ sql ] [ SQL ] SELECT * FROM `dl_right` WHERE  `pid` = 11  AND `status` = 1 [ RunTime:0.000273s ]
[ sql ] [ SQL ] SHOW COLUMNS FROM `dl_user` [ RunTime:0.000820s ]
[ sql ] [ SQL ] SELECT `session_id` FROM `dl_user` WHERE  `id` IS NULL LIMIT 1 [ RunTime:0.000280s ]
---------------------------------------------------------------
[ 2018-10-31T18:00:02+08:00 ] 58.64.167.49 180.137.117.82 POST /home/api/checkwinmessage.html
[ info ] 58.64.167.49/home/api/checkwinmessage.html [运行时间：0.024612s][吞吐率：40.63req/s] [内存消耗：2,540.13kb] [文件加载：41]
[ info ] [ LANG ] /www/wwwroot/smgj/thinkphp/lang/zh-cn.php
[ info ] [ ROUTE ] array (
  'type' => 'module',
  'module' => 
  array (
    0 => 'home',
    1 => 'api',
    2 => 'checkwinmessage',
  ),
)
[ info ] [ HEADER ] array (
  'accept' => 'application/json, text/javascript, */*; q=0.01',
  'cookie' => 'PHPSESSID=5di6jngg8c10ui3ap2sp94qof4',
  'x-requested-with' => 'XMLHttpRequest',
  'referer' => 'http://58.64.167.49/home/car/index/cate/5/hall/2/type/two.html',
  'accept-language' => 'zh-CN',
  'accept-encoding' => 'gzip, deflate',
  'host' => '58.64.167.49',
  'connection' => 'Keep-Alive',
  'cache-control' => 'no-cache',
  'user-agent' => 'Mozilla/5.0 (Windows NT 6.1; WOW64; Trident/7.0; rv:11.0) like Gecko Core/1.63.6776.400 QQBrowser/10.3.2577.400',
  'content-length' => '0',
)
[ info ] [ PARAM ] array (
  '/home/api/checkwinmessage_html' => '',
)
[ info ] [ RUN ] app\home\controller\Api->checkWinMessage[ /www/wwwroot/smgj/app/home/controller/Api.php ]
[ info ] [ SESSION ] INIT array (
  'id' => '',
  'var_session_id' => '',
  'prefix' => 'think',
  'type' => '',
  'auto_start' => true,
)
[ info ] [ CACHE ] INIT File
[ info ] [ LOG ] INIT File
---------------------------------------------------------------
[ 2018-10-31T18:00:02+08:00 ] 58.64.167.49 125.71.135.64 POST /admin/index/getnewmessage.html
[ info ] 58.64.167.49/admin/index/getnewmessage.html [运行时间：0.044941s][吞吐率：22.25req/s] [内存消耗：3,828.48kb] [文件加载：52]
[ info ] [ LANG ] /www/wwwroot/smgj/thinkphp/lang/zh-cn.php
[ info ] [ ROUTE ] array (
  'type' => 'module',
  'module' => 
  array (
    0 => 'admin',
    1 => 'index',
    2 => 'getnewmessage',
  ),
)
[ info ] [ HEADER ] array (
  'host' => '58.64.167.49',
  'user-agent' => 'Mozilla/5.0 (Windows NT 6.1; WOW64; rv:63.0) Gecko/20100101 Firefox/63.0',
  'accept' => 'application/json, text/javascript, */*; q=0.01',
  'accept-language' => 'zh-CN,zh;q=0.8,zh-TW;q=0.7,zh-HK;q=0.5,en-US;q=0.3,en;q=0.2',
  'accept-encoding' => 'gzip, deflate',
  'referer' => 'http://58.64.167.49/admin/index/index.html',
  'x-requested-with' => 'XMLHttpRequest',
  'connection' => 'keep-alive',
  'cookie' => 'PHPSESSID=btgmm4ru9d5af68m7g9fuo8932',
  'content-length' => '0',
)
[ info ] [ PARAM ] array (
  '/admin/index/getnewmessage_html' => '',
)
[ info ] [ SESSION ] INIT array (
  'id' => '',
  'var_session_id' => '',
  'prefix' => 'think',
  'type' => '',
  'auto_start' => true,
)
[ info ] [ DB ] INIT mysql
[ info ] [ LOG ] INIT File
[ sql ] [ DB ] CONNECT:[ UseTime:0.000650s ] mysql:dbname=smgj;host=127.0.0.1;port=3306;charset=utf8
[ sql ] [ SQL ] SHOW COLUMNS FROM `dl_auth_group_access` [ RunTime:0.001074s ]
[ sql ] [ SQL ] SELECT `group_id` FROM `dl_auth_group_access` WHERE  `uid` = null [ RunTime:0.000339s ]
[ sql ] [ SQL ] SHOW COLUMNS FROM `dl_auth_group` [ RunTime:0.000808s ]
[ sql ] [ SQL ] SELECT * FROM `dl_auth_group` WHERE  `id` IN ('') [ RunTime:0.000255s ]
[ sql ] [ SQL ] SHOW COLUMNS FROM `dl_auth_rule` [ RunTime:0.000854s ]
[ sql ] [ SQL ] SELECT `name` FROM `dl_auth_rule` WHERE  `id` IN (0) [ RunTime:0.000216s ]
[ sql ] [ SQL ] SHOW COLUMNS FROM `dl_right` [ RunTime:0.000851s ]
[ sql ] [ SQL ] SELECT * FROM `dl_right` WHERE  `pid` = 0  AND `status` = 1 ORDER BY sort asc [ RunTime:0.000286s ]
[ sql ] [ SQL ] SELECT * FROM `dl_right` WHERE  `pid` = 3  AND `status` = 1 [ RunTime:0.000345s ]
[ sql ] [ SQL ] SELECT * FROM `dl_right` WHERE  `pid` = 19  AND `status` = 1 [ RunTime:0.000248s ]
[ sql ] [ SQL ] SELECT * FROM `dl_right` WHERE  `pid` = 15  AND `status` = 1 [ RunTime:0.000247s ]
[ sql ] [ SQL ] SELECT * FROM `dl_right` WHERE  `pid` = 7  AND `status` = 1 [ RunTime:0.000395s ]
[ sql ] [ SQL ] SELECT * FROM `dl_right` WHERE  `pid` = 28  AND `status` = 1 [ RunTime:0.000302s ]
[ sql ] [ SQL ] SELECT * FROM `dl_right` WHERE  `pid` = 13  AND `status` = 1 [ RunTime:0.000275s ]
[ sql ] [ SQL ] SELECT * FROM `dl_right` WHERE  `pid` = 11  AND `status` = 1 [ RunTime:0.000292s ]
[ sql ] [ SQL ] SHOW COLUMNS FROM `dl_user` [ RunTime:0.001023s ]
[ sql ] [ SQL ] SELECT `session_id` FROM `dl_user` WHERE  `id` IS NULL LIMIT 1 [ RunTime:0.000213s ]
---------------------------------------------------------------
[ 2018-10-31T18:00:02+08:00 ] 58.64.167.49 180.137.117.82 POST /home/api/checkwinmessage.html
[ info ] 58.64.167.49/home/api/checkwinmessage.html [运行时间：0.022310s][吞吐率：44.82req/s] [内存消耗：2,540.80kb] [文件加载：41]
[ info ] [ LANG ] /www/wwwroot/smgj/thinkphp/lang/zh-cn.php
[ info ] [ ROUTE ] array (
  'type' => 'module',
  'module' => 
  array (
    0 => 'home',
    1 => 'api',
    2 => 'checkwinmessage',
  ),
)
[ info ] [ HEADER ] array (
  'host' => '58.64.167.49',
  'user-agent' => 'Mozilla/5.0 (Windows NT 10.0; Win64; x64; rv:62.0) Gecko/20100101 Firefox/62.0',
  'accept' => 'application/json, text/javascript, */*; q=0.01',
  'accept-language' => 'zh-CN,zh;q=0.8,zh-TW;q=0.7,zh-HK;q=0.5,en-US;q=0.3,en;q=0.2',
  'accept-encoding' => 'gzip, deflate',
  'referer' => 'http://58.64.167.49/home/xyft/index/cate/7/hall/1/type/two.html',
  'x-requested-with' => 'XMLHttpRequest',
  'cookie' => 'PHPSESSID=g4q0jn4jli53b9l33880oobum0',
  'connection' => 'keep-alive',
  'content-length' => '0',
)
[ info ] [ PARAM ] array (
  '/home/api/checkwinmessage_html' => '',
)
[ info ] [ RUN ] app\home\controller\Api->checkWinMessage[ /www/wwwroot/smgj/app/home/controller/Api.php ]
[ info ] [ SESSION ] INIT array (
  'id' => '',
  'var_session_id' => '',
  'prefix' => 'think',
  'type' => '',
  'auto_start' => true,
)
[ info ] [ CACHE ] INIT File
[ info ] [ LOG ] INIT File
---------------------------------------------------------------
[ 2018-10-31T18:00:04+08:00 ] 58.64.167.49 125.71.135.64 POST /home/api/checkwinmessage.html
[ info ] 58.64.167.49/home/api/checkwinmessage.html [运行时间：0.021769s][吞吐率：45.94req/s] [内存消耗：2,542.79kb] [文件加载：41]
[ info ] [ LANG ] /www/wwwroot/smgj/thinkphp/lang/zh-cn.php
[ info ] [ ROUTE ] array (
  'type' => 'module',
  'module' => 
  array (
    0 => 'home',
    1 => 'api',
    2 => 'checkwinmessage',
  ),
)
[ info ] [ HEADER ] array (
  'host' => '58.64.167.49',
  'connection' => 'keep-alive',
  'pragma' => 'no-cache',
  'cache-control' => 'no-cache',
  'accept' => 'application/json, text/javascript, */*; q=0.01',
  'origin' => 'http://58.64.167.49',
  'x-requested-with' => 'XMLHttpRequest',
  'user-agent' => 'Mozilla/5.0 (Windows NT 6.1; WOW64) AppleWebKit/537.36 (KHTML, like Gecko) Chrome/70.0.3538.77 Safari/537.36',
  'referer' => 'http://58.64.167.49/home/car/index/cate/5/hall/1.html',
  'accept-encoding' => 'gzip, deflate',
  'accept-language' => 'zh-CN,zh;q=0.9',
  'cookie' => 'serverType=apache; order=id%20desc; memSize=15887; conterError=; uploadSize=1073741824; rank=a; BatchSelected=null; backup_path=/www/backup; softType=1; apacheVersion=; phpVersion=0; vcodesum=4; safeMsg=1; upNet=0; downNet=0; PHPSESSID=0mfvgpcgggtl38afraj1jah025; BT_PANEL=23dcb77aca4888ffff82f3c1208c235cf4e6e61c; memRealUsed=1959; mem-before=1959/15533%20%28MB%29; one=0.01; five=0.02; fifteen=0.05; BatchPaste=1; Path=/www/wwwroot/smgj',
  'content-length' => '0',
)
[ info ] [ PARAM ] array (
  '/home/api/checkwinmessage_html' => '',
)
[ info ] [ RUN ] app\home\controller\Api->checkWinMessage[ /www/wwwroot/smgj/app/home/controller/Api.php ]
[ info ] [ SESSION ] INIT array (
  'id' => '',
  'var_session_id' => '',
  'prefix' => 'think',
  'type' => '',
  'auto_start' => true,
)
[ info ] [ CACHE ] INIT File
[ info ] [ LOG ] INIT File
---------------------------------------------------------------
[ 2018-10-31T18:00:05+08:00 ] 58.64.167.49 125.71.135.64 POST /admin/index/getnewmessage.html
[ info ] 58.64.167.49/admin/index/getnewmessage.html [运行时间：0.044966s][吞吐率：22.24req/s] [内存消耗：3,828.48kb] [文件加载：52]
[ info ] [ LANG ] /www/wwwroot/smgj/thinkphp/lang/zh-cn.php
[ info ] [ ROUTE ] array (
  'type' => 'module',
  'module' => 
  array (
    0 => 'admin',
    1 => 'index',
    2 => 'getnewmessage',
  ),
)
[ info ] [ HEADER ] array (
  'host' => '58.64.167.49',
  'user-agent' => 'Mozilla/5.0 (Windows NT 6.1; WOW64; rv:63.0) Gecko/20100101 Firefox/63.0',
  'accept' => 'application/json, text/javascript, */*; q=0.01',
  'accept-language' => 'zh-CN,zh;q=0.8,zh-TW;q=0.7,zh-HK;q=0.5,en-US;q=0.3,en;q=0.2',
  'accept-encoding' => 'gzip, deflate',
  'referer' => 'http://58.64.167.49/admin/index/index.html',
  'x-requested-with' => 'XMLHttpRequest',
  'connection' => 'keep-alive',
  'cookie' => 'PHPSESSID=btgmm4ru9d5af68m7g9fuo8932',
  'content-length' => '0',
)
[ info ] [ PARAM ] array (
  '/admin/index/getnewmessage_html' => '',
)
[ info ] [ SESSION ] INIT array (
  'id' => '',
  'var_session_id' => '',
  'prefix' => 'think',
  'type' => '',
  'auto_start' => true,
)
[ info ] [ DB ] INIT mysql
[ info ] [ LOG ] INIT File
[ sql ] [ DB ] CONNECT:[ UseTime:0.000611s ] mysql:dbname=smgj;host=127.0.0.1;port=3306;charset=utf8
[ sql ] [ SQL ] SHOW COLUMNS FROM `dl_auth_group_access` [ RunTime:0.001081s ]
[ sql ] [ SQL ] SELECT `group_id` FROM `dl_auth_group_access` WHERE  `uid` = null [ RunTime:0.000221s ]
[ sql ] [ SQL ] SHOW COLUMNS FROM `dl_auth_group` [ RunTime:0.000793s ]
[ sql ] [ SQL ] SELECT * FROM `dl_auth_group` WHERE  `id` IN ('') [ RunTime:0.000230s ]
[ sql ] [ SQL ] SHOW COLUMNS FROM `dl_auth_rule` [ RunTime:0.000770s ]
[ sql ] [ SQL ] SELECT `name` FROM `dl_auth_rule` WHERE  `id` IN (0) [ RunTime:0.000238s ]
[ sql ] [ SQL ] SHOW COLUMNS FROM `dl_right` [ RunTime:0.000811s ]
[ sql ] [ SQL ] SELECT * FROM `dl_right` WHERE  `pid` = 0  AND `status` = 1 ORDER BY sort asc [ RunTime:0.000375s ]
[ sql ] [ SQL ] SELECT * FROM `dl_right` WHERE  `pid` = 3  AND `status` = 1 [ RunTime:0.000371s ]
[ sql ] [ SQL ] SELECT * FROM `dl_right` WHERE  `pid` = 19  AND `status` = 1 [ RunTime:0.000273s ]
[ sql ] [ SQL ] SELECT * FROM `dl_right` WHERE  `pid` = 15  AND `status` = 1 [ RunTime:0.000293s ]
[ sql ] [ SQL ] SELECT * FROM `dl_right` WHERE  `pid` = 7  AND `status` = 1 [ RunTime:0.000277s ]
[ sql ] [ SQL ] SELECT * FROM `dl_right` WHERE  `pid` = 28  AND `status` = 1 [ RunTime:0.000269s ]
[ sql ] [ SQL ] SELECT * FROM `dl_right` WHERE  `pid` = 13  AND `status` = 1 [ RunTime:0.000245s ]
[ sql ] [ SQL ] SELECT * FROM `dl_right` WHERE  `pid` = 11  AND `status` = 1 [ RunTime:0.000270s ]
[ sql ] [ SQL ] SHOW COLUMNS FROM `dl_user` [ RunTime:0.000867s ]
[ sql ] [ SQL ] SELECT `session_id` FROM `dl_user` WHERE  `id` IS NULL LIMIT 1 [ RunTime:0.000205s ]
---------------------------------------------------------------
[ 2018-10-31T18:00:08+08:00 ] 58.64.167.49 125.71.135.64 POST /admin/index/getnewmessage.html
[ info ] 58.64.167.49/admin/index/getnewmessage.html [运行时间：0.044400s][吞吐率：22.52req/s] [内存消耗：3,828.48kb] [文件加载：52]
[ info ] [ LANG ] /www/wwwroot/smgj/thinkphp/lang/zh-cn.php
[ info ] [ ROUTE ] array (
  'type' => 'module',
  'module' => 
  array (
    0 => 'admin',
    1 => 'index',
    2 => 'getnewmessage',
  ),
)
[ info ] [ HEADER ] array (
  'host' => '58.64.167.49',
  'user-agent' => 'Mozilla/5.0 (Windows NT 6.1; WOW64; rv:63.0) Gecko/20100101 Firefox/63.0',
  'accept' => 'application/json, text/javascript, */*; q=0.01',
  'accept-language' => 'zh-CN,zh;q=0.8,zh-TW;q=0.7,zh-HK;q=0.5,en-US;q=0.3,en;q=0.2',
  'accept-encoding' => 'gzip, deflate',
  'referer' => 'http://58.64.167.49/admin/index/index.html',
  'x-requested-with' => 'XMLHttpRequest',
  'connection' => 'keep-alive',
  'cookie' => 'PHPSESSID=btgmm4ru9d5af68m7g9fuo8932',
  'content-length' => '0',
)
[ info ] [ PARAM ] array (
  '/admin/index/getnewmessage_html' => '',
)
[ info ] [ SESSION ] INIT array (
  'id' => '',
  'var_session_id' => '',
  'prefix' => 'think',
  'type' => '',
  'auto_start' => true,
)
[ info ] [ DB ] INIT mysql
[ info ] [ LOG ] INIT File
[ sql ] [ DB ] CONNECT:[ UseTime:0.000769s ] mysql:dbname=smgj;host=127.0.0.1;port=3306;charset=utf8
[ sql ] [ SQL ] SHOW COLUMNS FROM `dl_auth_group_access` [ RunTime:0.001278s ]
[ sql ] [ SQL ] SELECT `group_id` FROM `dl_auth_group_access` WHERE  `uid` = null [ RunTime:0.000299s ]
[ sql ] [ SQL ] SHOW COLUMNS FROM `dl_auth_group` [ RunTime:0.000785s ]
[ sql ] [ SQL ] SELECT * FROM `dl_auth_group` WHERE  `id` IN ('') [ RunTime:0.000228s ]
[ sql ] [ SQL ] SHOW COLUMNS FROM `dl_auth_rule` [ RunTime:0.000826s ]
[ sql ] [ SQL ] SELECT `name` FROM `dl_auth_rule` WHERE  `id` IN (0) [ RunTime:0.000263s ]
[ sql ] [ SQL ] SHOW COLUMNS FROM `dl_right` [ RunTime:0.000866s ]
[ sql ] [ SQL ] SELECT * FROM `dl_right` WHERE  `pid` = 0  AND `status` = 1 ORDER BY sort asc [ RunTime:0.000315s ]
[ sql ] [ SQL ] SELECT * FROM `dl_right` WHERE  `pid` = 3  AND `status` = 1 [ RunTime:0.000397s ]
[ sql ] [ SQL ] SELECT * FROM `dl_right` WHERE  `pid` = 19  AND `status` = 1 [ RunTime:0.000329s ]
[ sql ] [ SQL ] SELECT * FROM `dl_right` WHERE  `pid` = 15  AND `status` = 1 [ RunTime:0.000279s ]
[ sql ] [ SQL ] SELECT * FROM `dl_right` WHERE  `pid` = 7  AND `status` = 1 [ RunTime:0.000341s ]
[ sql ] [ SQL ] SELECT * FROM `dl_right` WHERE  `pid` = 28  AND `status` = 1 [ RunTime:0.000305s ]
[ sql ] [ SQL ] SELECT * FROM `dl_right` WHERE  `pid` = 13  AND `status` = 1 [ RunTime:0.000299s ]
[ sql ] [ SQL ] SELECT * FROM `dl_right` WHERE  `pid` = 11  AND `status` = 1 [ RunTime:0.000357s ]
[ sql ] [ SQL ] SHOW COLUMNS FROM `dl_user` [ RunTime:0.001485s ]
[ sql ] [ SQL ] SELECT `session_id` FROM `dl_user` WHERE  `id` IS NULL LIMIT 1 [ RunTime:0.000347s ]
---------------------------------------------------------------
[ 2018-10-31T18:00:09+08:00 ] 58.64.167.49 180.137.117.82 POST /home/api/checkwinmessage.html
[ info ] 58.64.167.49/home/api/checkwinmessage.html [运行时间：0.021745s][吞吐率：45.99req/s] [内存消耗：2,542.01kb] [文件加载：41]
[ info ] [ LANG ] /www/wwwroot/smgj/thinkphp/lang/zh-cn.php
[ info ] [ ROUTE ] array (
  'type' => 'module',
  'module' => 
  array (
    0 => 'home',
    1 => 'api',
    2 => 'checkwinmessage',
  ),
)
[ info ] [ HEADER ] array (
  'host' => '58.64.167.49',
  'user-agent' => 'Mozilla/5.0 (Windows NT 6.1; Win64; x64; rv:63.0) Gecko/20100101 Firefox/63.0',
  'accept' => 'application/json, text/javascript, */*; q=0.01',
  'accept-language' => 'zh-CN,zh;q=0.8,zh-TW;q=0.7,zh-HK;q=0.5,en-US;q=0.3,en;q=0.2',
  'accept-encoding' => 'gzip, deflate',
  'referer' => 'http://58.64.167.49/home/jndeb/index/cate/2/hall/1.html',
  'x-requested-with' => 'XMLHttpRequest',
  'connection' => 'keep-alive',
  'cookie' => 'PHPSESSID=2tg6jlno0uif7ld7lschgl1mc1',
  'content-length' => '0',
)
[ info ] [ PARAM ] array (
  '/home/api/checkwinmessage_html' => '',
)
[ info ] [ RUN ] app\home\controller\Api->checkWinMessage[ /www/wwwroot/smgj/app/home/controller/Api.php ]
[ info ] [ SESSION ] INIT array (
  'id' => '',
  'var_session_id' => '',
  'prefix' => 'think',
  'type' => '',
  'auto_start' => true,
)
[ info ] [ CACHE ] INIT File
[ info ] [ LOG ] INIT File
---------------------------------------------------------------
[ 2018-10-31T18:00:11+08:00 ] 58.64.167.49 125.71.135.64 POST /admin/index/getnewmessage.html
[ info ] 58.64.167.49/admin/index/getnewmessage.html [运行时间：0.042598s][吞吐率：23.48req/s] [内存消耗：3,828.48kb] [文件加载：52]
[ info ] [ LANG ] /www/wwwroot/smgj/thinkphp/lang/zh-cn.php
[ info ] [ ROUTE ] array (
  'type' => 'module',
  'module' => 
  array (
    0 => 'admin',
    1 => 'index',
    2 => 'getnewmessage',
  ),
)
[ info ] [ HEADER ] array (
  'host' => '58.64.167.49',
  'user-agent' => 'Mozilla/5.0 (Windows NT 6.1; WOW64; rv:63.0) Gecko/20100101 Firefox/63.0',
  'accept' => 'application/json, text/javascript, */*; q=0.01',
  'accept-language' => 'zh-CN,zh;q=0.8,zh-TW;q=0.7,zh-HK;q=0.5,en-US;q=0.3,en;q=0.2',
  'accept-encoding' => 'gzip, deflate',
  'referer' => 'http://58.64.167.49/admin/index/index.html',
  'x-requested-with' => 'XMLHttpRequest',
  'connection' => 'keep-alive',
  'cookie' => 'PHPSESSID=btgmm4ru9d5af68m7g9fuo8932',
  'content-length' => '0',
)
[ info ] [ PARAM ] array (
  '/admin/index/getnewmessage_html' => '',
)
[ info ] [ SESSION ] INIT array (
  'id' => '',
  'var_session_id' => '',
  'prefix' => 'think',
  'type' => '',
  'auto_start' => true,
)
[ info ] [ DB ] INIT mysql
[ info ] [ LOG ] INIT File
[ sql ] [ DB ] CONNECT:[ UseTime:0.000553s ] mysql:dbname=smgj;host=127.0.0.1;port=3306;charset=utf8
[ sql ] [ SQL ] SHOW COLUMNS FROM `dl_auth_group_access` [ RunTime:0.001024s ]
[ sql ] [ SQL ] SELECT `group_id` FROM `dl_auth_group_access` WHERE  `uid` = null [ RunTime:0.000212s ]
[ sql ] [ SQL ] SHOW COLUMNS FROM `dl_auth_group` [ RunTime:0.000778s ]
[ sql ] [ SQL ] SELECT * FROM `dl_auth_group` WHERE  `id` IN ('') [ RunTime:0.000207s ]
[ sql ] [ SQL ] SHOW COLUMNS FROM `dl_auth_rule` [ RunTime:0.000792s ]
[ sql ] [ SQL ] SELECT `name` FROM `dl_auth_rule` WHERE  `id` IN (0) [ RunTime:0.000206s ]
[ sql ] [ SQL ] SHOW COLUMNS FROM `dl_right` [ RunTime:0.000790s ]
[ sql ] [ SQL ] SELECT * FROM `dl_right` WHERE  `pid` = 0  AND `status` = 1 ORDER BY sort asc [ RunTime:0.000279s ]
[ sql ] [ SQL ] SELECT * FROM `dl_right` WHERE  `pid` = 3  AND `status` = 1 [ RunTime:0.000281s ]
[ sql ] [ SQL ] SELECT * FROM `dl_right` WHERE  `pid` = 19  AND `status` = 1 [ RunTime:0.000264s ]
[ sql ] [ SQL ] SELECT * FROM `dl_right` WHERE  `pid` = 15  AND `status` = 1 [ RunTime:0.000256s ]
[ sql ] [ SQL ] SELECT * FROM `dl_right` WHERE  `pid` = 7  AND `status` = 1 [ RunTime:0.000248s ]
[ sql ] [ SQL ] SELECT * FROM `dl_right` WHERE  `pid` = 28  AND `status` = 1 [ RunTime:0.000236s ]
[ sql ] [ SQL ] SELECT * FROM `dl_right` WHERE  `pid` = 13  AND `status` = 1 [ RunTime:0.000241s ]
[ sql ] [ SQL ] SELECT * FROM `dl_right` WHERE  `pid` = 11  AND `status` = 1 [ RunTime:0.000243s ]
[ sql ] [ SQL ] SHOW COLUMNS FROM `dl_user` [ RunTime:0.000844s ]
[ sql ] [ SQL ] SELECT `session_id` FROM `dl_user` WHERE  `id` IS NULL LIMIT 1 [ RunTime:0.000199s ]
