[ 2018-10-31T17:59:51+08:00 ][ info ] [ DB ] INIT mysql
[ info ] [ LOG ] INIT File
[ 2018-10-31T17:59:51+08:00 ][ sql ] [ DB ] CONNECT:[ UseTime:0.000996s ] mysql:dbname=smgj;host=127.0.0.1;port=3306;charset=utf8
[ 2018-10-31T17:59:51+08:00 ][ sql ] [ SQL ] SHOW COLUMNS FROM `dl_robot` [ RunTime:0.001145s ]
[ 2018-10-31T17:59:51+08:00 ][ sql ] [ SQL ] SELECT * FROM `dl_robot` WHERE  `status` = 1  AND `cate` = 2 [ RunTime:0.000474s ]
[ 2018-10-31T17:59:51+08:00 ][ info ] [ CACHE ] INIT File
[ 2018-10-31T17:59:51+08:00 ][ sql ] [ SQL ] SHOW COLUMNS FROM `dl_cate` [ RunTime:0.001200s ]
[ 2018-10-31T17:59:51+08:00 ][ sql ] [ SQL ] SELECT * FROM `dl_cate` WHERE  `id` = 2 LIMIT 1 [ RunTime:0.000281s ]
[ 2018-10-31T17:59:51+08:00 ][ sql ] [ SQL ] SHOW COLUMNS FROM `dl_jndeb_stage` [ RunTime:0.001168s ]
[ 2018-10-31T17:59:51+08:00 ][ sql ] [ SQL ] SELECT * FROM `dl_jndeb_stage` WHERE  `end_time` > 1540979991 LIMIT 1 [ RunTime:0.000412s ]
[ 2018-10-31T17:59:51+08:00 ][ sql ] [ SQL ] SHOW COLUMNS FROM `dl_notice` [ RunTime:0.001174s ]
[ 2018-10-31T17:59:59+08:00 ][ info ] [ DB ] INIT mysql
[ info ] [ LOG ] INIT File
[ 2018-10-31T17:59:59+08:00 ][ sql ] [ DB ] CONNECT:[ UseTime:0.000935s ] mysql:dbname=smgj;host=127.0.0.1;port=3306;charset=utf8
[ 2018-10-31T17:59:59+08:00 ][ sql ] [ SQL ] SHOW COLUMNS FROM `dl_robot` [ RunTime:0.001455s ]
[ 2018-10-31T17:59:59+08:00 ][ sql ] [ SQL ] SELECT * FROM `dl_robot` WHERE  `status` = 1  AND `cate` = 2 [ RunTime:0.000360s ]
[ 2018-10-31T17:59:59+08:00 ][ info ] [ CACHE ] INIT File
[ 2018-10-31T17:59:59+08:00 ][ sql ] [ SQL ] SHOW COLUMNS FROM `dl_cate` [ RunTime:0.000877s ]
[ 2018-10-31T17:59:59+08:00 ][ sql ] [ SQL ] SELECT * FROM `dl_cate` WHERE  `id` = 2 LIMIT 1 [ RunTime:0.000311s ]
[ 2018-10-31T17:59:59+08:00 ][ sql ] [ SQL ] SHOW COLUMNS FROM `dl_jndeb_stage` [ RunTime:0.000800s ]
[ 2018-10-31T17:59:59+08:00 ][ sql ] [ SQL ] SELECT * FROM `dl_jndeb_stage` WHERE  `end_time` > 1540979999 LIMIT 1 [ RunTime:0.000458s ]
[ 2018-10-31T17:59:59+08:00 ][ sql ] [ SQL ] SHOW COLUMNS FROM `dl_notice` [ RunTime:0.000794s ]
[ 2018-10-31T18:00:01+08:00 ][ info ] [ DB ] INIT mysql
[ info ] [ LOG ] INIT File
[ 2018-10-31T18:00:01+08:00 ][ info ] [ DB ] INIT mysql
[ info ] [ LOG ] INIT File
[ 2018-10-31T18:00:01+08:00 ][ info ] [ DB ] INIT mysql
[ info ] [ LOG ] INIT File
[ 2018-10-31T18:00:01+08:00 ][ sql ] [ DB ] CONNECT:[ UseTime:0.000820s ] mysql:dbname=smgj;host=127.0.0.1;port=3306;charset=utf8
[ 2018-10-31T18:00:01+08:00 ][ sql ] [ DB ] CONNECT:[ UseTime:0.000492s ] mysql:dbname=smgj;host=127.0.0.1;port=3306;charset=utf8
[ 2018-10-31T18:00:01+08:00 ][ sql ] [ DB ] CONNECT:[ UseTime:0.000668s ] mysql:dbname=smgj;host=127.0.0.1;port=3306;charset=utf8
[ 2018-10-31T18:00:01+08:00 ][ sql ] [ SQL ] SHOW COLUMNS FROM `dl_single` [ RunTime:0.001856s ]
[ 2018-10-31T18:00:01+08:00 ][ sql ] [ SQL ] SHOW COLUMNS FROM `dl_single` [ RunTime:0.001549s ]
[ 2018-10-31T18:00:01+08:00 ][ sql ] [ SQL ] SHOW COLUMNS FROM `dl_msssc_stage` [ RunTime:0.001079s ]
[ 2018-10-31T18:00:01+08:00 ][ sql ] [ SQL ] SELECT `s`.`id`,`s`.`stage`,`s`.`cate`,`s`.`hall`,`s`.`type`,`s`.`uid`,`s`.`number`,`s`.`money`,`s`.`z_money`,`s`.`multiple`,`s`.`notes`,`s`.`wei`,`s`.`denomination`,`s`.`odds`,`b`.`title`,`m`.`gm_name`,`m`.`is_proxy`,`m`.`proxy_ids`,`m`.`rebate`,`m`.`back_rebate`,`m`.`bonus`,`m`.`proxy_rebate`,`m`.`proxy_bonus`,a.number open_number FROM `dl_single` `s` INNER JOIN `dl_bet` `b` ON `s`.`type`=b.type and s.cate=b.cate INNER JOIN `dl_member` `m` ON `s`.`uid`=`m`.`id` INNER JOIN `dl_at_car` `a` ON `s`.`stage`=`a`.`stage` WHERE  `s`.`cate` = 5  AND `s`.`state` = 0  AND `s`.`code` = 0  AND `s`.`is_del` = 0 LIMIT 1000 [ RunTime:0.000438s ]
[ 2018-10-31T18:00:01+08:00 ][ sql ] [ SQL ] SELECT `s`.`id`,`s`.`stage`,`s`.`cate`,`s`.`hall`,`s`.`type`,`s`.`uid`,`s`.`number`,`s`.`money`,`s`.`z_money`,`s`.`multiple`,`s`.`notes`,`s`.`wei`,`s`.`denomination`,`s`.`odds`,`b`.`title`,`m`.`gm_name`,`m`.`is_proxy`,`m`.`proxy_ids`,`m`.`rebate`,`m`.`back_rebate`,`m`.`bonus`,`m`.`proxy_rebate`,`m`.`proxy_bonus`,a.number open_number FROM `dl_single` `s` INNER JOIN `dl_bet` `b` ON `s`.`type`=b.type and s.cate=b.cate INNER JOIN `dl_member` `m` ON `s`.`uid`=`m`.`id` INNER JOIN `dl_at_cqssc` `a` ON `s`.`stage`=`a`.`stage` WHERE  `s`.`cate` = 3  AND `s`.`state` = 0  AND `s`.`code` = 0  AND `s`.`is_del` = 0 LIMIT 1000 [ RunTime:0.000558s ]
[ 2018-10-31T18:00:01+08:00 ][ sql ] [ SQL ] SELECT * FROM `dl_msssc_stage` WHERE  `end_time` <= 1540980001 ORDER BY end_time desc LIMIT 1 [ RunTime:0.000519s ]
[ 2018-10-31T18:00:01+08:00 ][ sql ] [ SQL ] SHOW COLUMNS FROM `dl_setting` [ RunTime:0.000958s ]
[ 2018-10-31T18:00:01+08:00 ][ info ] [ CACHE ] INIT File
[ 2018-10-31T18:00:01+08:00 ][ sql ] [ SQL ] SHOW COLUMNS FROM `dl_at_msssc` [ RunTime:0.001121s ]
[ 2018-10-31T18:00:01+08:00 ][ sql ] [ SQL ] SELECT * FROM `dl_at_msssc` WHERE  `stage` = '1810311080' LIMIT 1 [ RunTime:0.000455s ]
[ 2018-10-31T18:00:01+08:00 ][ info ] [ DB ] INIT mysql
[ info ] [ LOG ] INIT File
[ 2018-10-31T18:00:01+08:00 ][ info ] [ DB ] INIT mysql
[ info ] [ LOG ] INIT File
[ 2018-10-31T18:00:01+08:00 ][ sql ] [ DB ] CONNECT:[ UseTime:0.000852s ] mysql:dbname=smgj;host=127.0.0.1;port=3306;charset=utf8
[ 2018-10-31T18:00:01+08:00 ][ sql ] [ SQL ] SHOW COLUMNS FROM `dl_cqssc_stage` [ RunTime:0.001275s ]
[ 2018-10-31T18:00:01+08:00 ][ sql ] [ DB ] CONNECT:[ UseTime:0.000650s ] mysql:dbname=smgj;host=127.0.0.1;port=3306;charset=utf8
[ 2018-10-31T18:00:01+08:00 ][ sql ] [ SQL ] SELECT `id` FROM `dl_cqssc_stage` WHERE  `stage` = '20181031024' LIMIT 1 [ RunTime:0.000302s ]
[ 2018-10-31T18:00:01+08:00 ][ sql ] [ SQL ] SHOW COLUMNS FROM `dl_robot` [ RunTime:0.001473s ]
[ 2018-10-31T18:00:01+08:00 ][ sql ] [ SQL ] SELECT * FROM `dl_robot` WHERE  `status` = 1  AND `cate` = 2 [ RunTime:0.000418s ]
[ 2018-10-31T18:00:01+08:00 ][ info ] [ CACHE ] INIT File
[ 2018-10-31T18:00:01+08:00 ][ sql ] [ SQL ] SHOW COLUMNS FROM `dl_cate` [ RunTime:0.000780s ]
[ 2018-10-31T18:00:01+08:00 ][ sql ] [ SQL ] SELECT * FROM `dl_cate` WHERE  `id` = 2 LIMIT 1 [ RunTime:0.000265s ]
[ 2018-10-31T18:00:01+08:00 ][ sql ] [ SQL ] SHOW COLUMNS FROM `dl_jndeb_stage` [ RunTime:0.000795s ]
[ 2018-10-31T18:00:01+08:00 ][ sql ] [ SQL ] UPDATE `dl_msssc_stage`  SET `number`='6,9,4,5,7'  WHERE  `stage` = '1810311080' [ RunTime:0.023722s ]
[ 2018-10-31T18:00:01+08:00 ][ sql ] [ SQL ] SELECT * FROM `dl_jndeb_stage` WHERE  `end_time` > 1540980001 LIMIT 1 [ RunTime:0.000328s ]
[ 2018-10-31T18:00:01+08:00 ][ sql ] [ SQL ] SHOW COLUMNS FROM `dl_notice` [ RunTime:0.000798s ]
[ 2018-10-31T18:00:01+08:00 ][ sql ] [ SQL ] INSERT INTO `dl_at_msssc` (`stage` , `number` , `dateline` , `create_time`) VALUES ('1810311080' , '6,9,4,5,7' , '2018-10-31 18:00:01' , '2018-10-31 18:00:01') [ RunTime:0.001283s ]
[ 2018-10-31T18:00:01+08:00 ][ info ] [ DB ] INIT mysql
[ info ] [ LOG ] INIT File
[ 2018-10-31T18:00:01+08:00 ][ info ] [ DB ] INIT mysql
[ info ] [ LOG ] INIT File
[ 2018-10-31T18:00:01+08:00 ][ sql ] [ DB ] CONNECT:[ UseTime:0.000785s ] mysql:dbname=smgj;host=127.0.0.1;port=3306;charset=utf8
[ 2018-10-31T18:00:01+08:00 ][ sql ] [ SQL ] SHOW COLUMNS FROM `dl_single` [ RunTime:0.001421s ]
[ 2018-10-31T18:00:01+08:00 ][ sql ] [ SQL ] SELECT `s`.`id`,`s`.`stage`,`s`.`cate`,`s`.`hall`,`s`.`type`,`s`.`uid`,`s`.`number`,`s`.`money`,`s`.`z_money`,`s`.`multiple`,`s`.`notes`,`s`.`wei`,`s`.`denomination`,`s`.`odds`,`b`.`title`,`m`.`gm_name`,`m`.`is_proxy`,`m`.`proxy_ids`,`m`.`rebate`,`m`.`back_rebate`,`m`.`bonus`,`m`.`proxy_rebate`,`m`.`proxy_bonus`,a.number open_number FROM `dl_single` `s` INNER JOIN `dl_bet` `b` ON `s`.`type`=b.type and s.cate=b.cate INNER JOIN `dl_member` `m` ON `s`.`uid`=`m`.`id` INNER JOIN `dl_at_xyft` `a` ON `s`.`stage`=`a`.`stage` WHERE  `s`.`cate` = 7  AND `s`.`state` = 0  AND `s`.`code` = 0  AND `s`.`is_del` = 0 LIMIT 1000 [ RunTime:0.000471s ]
[ 2018-10-31T18:00:01+08:00 ][ sql ] [ DB ] CONNECT:[ UseTime:0.000820s ] mysql:dbname=smgj;host=127.0.0.1;port=3306;charset=utf8
[ 2018-10-31T18:00:01+08:00 ][ sql ] [ SQL ] SHOW COLUMNS FROM `dl_single` [ RunTime:0.001554s ]
[ 2018-10-31T18:00:01+08:00 ][ sql ] [ SQL ] SELECT `s`.`id`,`s`.`stage`,`s`.`cate`,`s`.`hall`,`s`.`type`,`s`.`uid`,`s`.`number`,`s`.`money`,`s`.`z_money`,`s`.`multiple`,`s`.`notes`,`s`.`wei`,`s`.`denomination`,`s`.`odds`,`b`.`title`,`m`.`gm_name`,`m`.`is_proxy`,`m`.`proxy_ids`,`m`.`rebate`,`m`.`back_rebate`,`m`.`bonus`,`m`.`proxy_rebate`,`m`.`proxy_bonus`,a.number open_number FROM `dl_single` `s` INNER JOIN `dl_bet` `b` ON `s`.`type`=b.type and s.cate=b.cate INNER JOIN `dl_member` `m` ON `s`.`uid`=`m`.`id` INNER JOIN `dl_at_pcdd` `a` ON `s`.`stage`=`a`.`stage` WHERE  `s`.`cate` = 1  AND `s`.`state` = 0  AND `s`.`code` = 0  AND `s`.`is_del` = 0 LIMIT 1000 [ RunTime:0.000645s ]
[ 2018-10-31T18:00:01+08:00 ][ info ] [ DB ] INIT mysql
[ info ] [ LOG ] INIT File
[ 2018-10-31T18:00:01+08:00 ][ sql ] [ DB ] CONNECT:[ UseTime:0.000747s ] mysql:dbname=smgj;host=127.0.0.1;port=3306;charset=utf8
[ 2018-10-31T18:00:01+08:00 ][ sql ] [ SQL ] SHOW COLUMNS FROM `dl_at_cqssc` [ RunTime:0.001461s ]
[ 2018-10-31T18:00:01+08:00 ][ info ] [ DB ] INIT mysql
[ info ] [ LOG ] INIT File
[ 2018-10-31T18:00:01+08:00 ][ sql ] [ SQL ] SELECT * FROM `dl_at_cqssc` WHERE  `stage` = '20181031071' LIMIT 1 [ RunTime:0.000359s ]
[ 2018-10-31T18:00:01+08:00 ][ info ] [ CACHE ] INIT File
[ 2018-10-31T18:00:01+08:00 ][ info ] [ DB ] INIT mysql
[ info ] [ LOG ] INIT File
[ 2018-10-31T18:00:01+08:00 ][ sql ] [ DB ] CONNECT:[ UseTime:0.000620s ] mysql:dbname=smgj;host=127.0.0.1;port=3306;charset=utf8
[ 2018-10-31T18:00:01+08:00 ][ sql ] [ SQL ] SHOW COLUMNS FROM `dl_msssc_stage` [ RunTime:0.001218s ]
[ 2018-10-31T18:00:01+08:00 ][ sql ] [ DB ] CONNECT:[ UseTime:0.000846s ] mysql:dbname=smgj;host=127.0.0.1;port=3306;charset=utf8
[ 2018-10-31T18:00:01+08:00 ][ sql ] [ SQL ] SELECT `id` FROM `dl_msssc_stage` WHERE  `start_time` = 1541001600 LIMIT 1 [ RunTime:0.005369s ]
[ 2018-10-31T18:00:01+08:00 ][ sql ] [ SQL ] SHOW COLUMNS FROM `dl_mssc_stage` [ RunTime:0.001398s ]
[ 2018-10-31T18:00:01+08:00 ][ sql ] [ SQL ] SELECT * FROM `dl_mssc_stage` WHERE  `end_time` <= 1540980001 ORDER BY end_time desc LIMIT 1 [ RunTime:0.000555s ]
[ 2018-10-31T18:00:01+08:00 ][ sql ] [ SQL ] SHOW COLUMNS FROM `dl_setting` [ RunTime:0.001212s ]
[ 2018-10-31T18:00:01+08:00 ][ info ] [ CACHE ] INIT File
[ 2018-10-31T18:00:01+08:00 ][ sql ] [ SQL ] SHOW COLUMNS FROM `dl_at_mssc` [ RunTime:0.001143s ]
[ 2018-10-31T18:00:01+08:00 ][ sql ] [ SQL ] SELECT * FROM `dl_at_mssc` WHERE  `stage` = '1810311080' LIMIT 1 [ RunTime:0.000506s ]
[ 2018-10-31T18:00:01+08:00 ][ info ] [ DB ] INIT mysql
[ info ] [ LOG ] INIT File
[ 2018-10-31T18:00:01+08:00 ][ info ] [ DB ] INIT mysql
[ info ] [ LOG ] INIT File
[ 2018-10-31T18:00:01+08:00 ][ sql ] [ SQL ] UPDATE `dl_mssc_stage`  SET `number`='10,8,4,9,1,6,7,2,3,5'  WHERE  `stage` = '1810311080' [ RunTime:0.031239s ]
[ 2018-10-31T18:00:01+08:00 ][ sql ] [ DB ] CONNECT:[ UseTime:0.000704s ] mysql:dbname=smgj;host=127.0.0.1;port=3306;charset=utf8
[ 2018-10-31T18:00:01+08:00 ][ sql ] [ SQL ] SHOW COLUMNS FROM `dl_single` [ RunTime:0.001510s ]
[ 2018-10-31T18:00:01+08:00 ][ sql ] [ DB ] CONNECT:[ UseTime:0.000589s ] mysql:dbname=smgj;host=127.0.0.1;port=3306;charset=utf8
[ 2018-10-31T18:00:01+08:00 ][ sql ] [ SQL ] SHOW COLUMNS FROM `dl_single` [ RunTime:0.001188s ]
[ 2018-10-31T18:00:01+08:00 ][ sql ] [ SQL ] INSERT INTO `dl_at_mssc` (`stage` , `number` , `dateline` , `create_time`) VALUES ('1810311080' , '10,8,4,9,1,6,7,2,3,5' , '2018-10-31 18:00:01' , '2018-10-31 18:00:01') [ RunTime:0.010610s ]
[ 2018-10-31T18:00:01+08:00 ][ sql ] [ SQL ] SELECT `s`.`id`,`s`.`stage`,`s`.`cate`,`s`.`hall`,`s`.`type`,`s`.`uid`,`s`.`number`,`s`.`money`,`s`.`z_money`,`s`.`multiple`,`s`.`notes`,`s`.`wei`,`s`.`denomination`,`s`.`odds`,`b`.`title`,`m`.`gm_name`,`m`.`is_proxy`,`m`.`proxy_ids`,`m`.`rebate`,`m`.`back_rebate`,`m`.`bonus`,`m`.`proxy_rebate`,`m`.`proxy_bonus`,a.number open_number FROM `dl_single` `s` INNER JOIN `dl_bet` `b` ON `s`.`type`=b.type and s.cate=b.cate INNER JOIN `dl_member` `m` ON `s`.`uid`=`m`.`id` INNER JOIN `dl_at_mssc` `a` ON `s`.`stage`=`a`.`stage` WHERE  `s`.`cate` = 6  AND `s`.`state` = 0  AND `s`.`code` = 0  AND `s`.`is_del` = 0 LIMIT 1000 [ RunTime:0.003293s ]
[ 2018-10-31T18:00:01+08:00 ][ sql ] [ SQL ] SELECT `s`.`id`,`s`.`stage`,`s`.`cate`,`s`.`hall`,`s`.`type`,`s`.`uid`,`s`.`number`,`s`.`money`,`s`.`z_money`,`s`.`multiple`,`s`.`notes`,`s`.`wei`,`s`.`denomination`,`s`.`odds`,`b`.`title`,`m`.`gm_name`,`m`.`is_proxy`,`m`.`proxy_ids`,`m`.`rebate`,`m`.`back_rebate`,`m`.`bonus`,`m`.`proxy_rebate`,`m`.`proxy_bonus`,a.number open_number FROM `dl_single` `s` INNER JOIN `dl_bet` `b` ON `s`.`type`=b.type and s.cate=b.cate INNER JOIN `dl_member` `m` ON `s`.`uid`=`m`.`id` INNER JOIN `dl_at_jndeb` `a` ON `s`.`stage`=`a`.`stage` WHERE  `s`.`cate` = 2  AND `s`.`state` = 0  AND `s`.`code` = 0  AND `s`.`is_del` = 0 LIMIT 1000 [ RunTime:0.000672s ]
[ 2018-10-31T18:00:01+08:00 ][ info ] [ DB ] INIT mysql
[ info ] [ LOG ] INIT File
[ 2018-10-31T18:00:01+08:00 ][ sql ] [ DB ] CONNECT:[ UseTime:0.000834s ] mysql:dbname=smgj;host=127.0.0.1;port=3306;charset=utf8
[ 2018-10-31T18:00:01+08:00 ][ sql ] [ SQL ] SHOW COLUMNS FROM `dl_car_stage` [ RunTime:0.001128s ]
[ 2018-10-31T18:00:01+08:00 ][ sql ] [ SQL ] SELECT `id` FROM `dl_car_stage` WHERE  `start_time` = 1540947720 LIMIT 1 [ RunTime:0.000267s ]
[ 2018-10-31T18:00:01+08:00 ][ sql ] [ SQL ] SHOW COLUMNS FROM `dl_at_car` [ RunTime:0.001042s ]
[ 2018-10-31T18:00:01+08:00 ][ sql ] [ SQL ] SELECT * FROM `dl_at_car` WHERE  `stage` = '712314' LIMIT 1 [ RunTime:0.000356s ]
[ 2018-10-31T18:00:01+08:00 ][ info ] [ DB ] INIT mysql
[ info ] [ LOG ] INIT File
[ 2018-10-31T18:00:01+08:00 ][ sql ] [ DB ] CONNECT:[ UseTime:0.000851s ] mysql:dbname=smgj;host=127.0.0.1;port=3306;charset=utf8
[ 2018-10-31T18:00:01+08:00 ][ info ] [ DB ] INIT mysql
[ info ] [ LOG ] INIT File
[ 2018-10-31T18:00:01+08:00 ][ info ] [ DB ] INIT mysql
[ info ] [ LOG ] INIT File
[ 2018-10-31T18:00:01+08:00 ][ sql ] [ SQL ] SHOW COLUMNS FROM `dl_msssc_stage` [ RunTime:0.001272s ]
[ 2018-10-31T18:00:01+08:00 ][ sql ] [ SQL ] SELECT * FROM `dl_msssc_stage` WHERE  `end_time` <= 1540980001 ORDER BY end_time desc LIMIT 1 [ RunTime:0.000516s ]
[ 2018-10-31T18:00:01+08:00 ][ sql ] [ SQL ] SHOW COLUMNS FROM `dl_setting` [ RunTime:0.001072s ]
[ 2018-10-31T18:00:01+08:00 ][ info ] [ CACHE ] INIT File
[ 2018-10-31T18:00:01+08:00 ][ sql ] [ DB ] CONNECT:[ UseTime:0.000724s ] mysql:dbname=smgj;host=127.0.0.1;port=3306;charset=utf8
[ 2018-10-31T18:00:01+08:00 ][ sql ] [ DB ] CONNECT:[ UseTime:0.000683s ] mysql:dbname=smgj;host=127.0.0.1;port=3306;charset=utf8
[ 2018-10-31T18:00:01+08:00 ][ sql ] [ SQL ] SHOW COLUMNS FROM `dl_single` [ RunTime:0.001756s ]
[ 2018-10-31T18:00:01+08:00 ][ sql ] [ SQL ] SHOW COLUMNS FROM `dl_single` [ RunTime:0.002053s ]
[ 2018-10-31T18:00:01+08:00 ][ sql ] [ SQL ] SELECT `s`.`id`,`s`.`stage`,`s`.`cate`,`s`.`hall`,`s`.`type`,`s`.`uid`,`s`.`number`,`s`.`money`,`s`.`z_money`,`s`.`multiple`,`s`.`notes`,`s`.`wei`,`s`.`denomination`,`s`.`odds`,`b`.`title`,`m`.`gm_name`,`m`.`is_proxy`,`m`.`proxy_ids`,`m`.`rebate`,`m`.`back_rebate`,`m`.`bonus`,`m`.`proxy_rebate`,`m`.`proxy_bonus`,a.number open_number FROM `dl_single` `s` INNER JOIN `dl_bet` `b` ON `s`.`type`=b.type and s.cate=b.cate INNER JOIN `dl_member` `m` ON `s`.`uid`=`m`.`id` INNER JOIN `dl_at_xglhc` `a` ON `s`.`stage`=`a`.`stage` WHERE  `s`.`cate` = 8  AND `s`.`state` = 0  AND `s`.`code` = 0  AND `s`.`is_del` = 0 LIMIT 1000 [ RunTime:0.000578s ]
[ 2018-10-31T18:00:01+08:00 ][ sql ] [ SQL ] SELECT `s`.`id`,`s`.`stage`,`s`.`cate`,`s`.`hall`,`s`.`type`,`s`.`uid`,`s`.`number`,`s`.`money`,`s`.`z_money`,`s`.`multiple`,`s`.`notes`,`s`.`wei`,`s`.`denomination`,`s`.`odds`,`b`.`title`,`m`.`gm_name`,`m`.`is_proxy`,`m`.`proxy_ids`,`m`.`rebate`,`m`.`back_rebate`,`m`.`bonus`,`m`.`proxy_rebate`,`m`.`proxy_bonus`,a.number open_number FROM `dl_single` `s` INNER JOIN `dl_bet` `b` ON `s`.`type`=b.type and s.cate=b.cate INNER JOIN `dl_member` `m` ON `s`.`uid`=`m`.`id` INNER JOIN `dl_at_msssc` `a` ON `s`.`stage`=`a`.`stage` WHERE  `s`.`cate` = 4  AND `s`.`state` = 0  AND `s`.`code` = 0  AND `s`.`is_del` = 0 LIMIT 1000 [ RunTime:0.001192s ]
[ 2018-10-31T18:00:02+08:00 ][ info ] [ DB ] INIT mysql
[ info ] [ LOG ] INIT File
[ 2018-10-31T18:00:02+08:00 ][ sql ] [ DB ] CONNECT:[ UseTime:0.000763s ] mysql:dbname=smgj;host=127.0.0.1;port=3306;charset=utf8
[ 2018-10-31T18:00:02+08:00 ][ sql ] [ SQL ] SHOW COLUMNS FROM `dl_xyft_stage` [ RunTime:0.001095s ]
[ 2018-10-31T18:00:02+08:00 ][ sql ] [ SQL ] SELECT `id` FROM `dl_xyft_stage` WHERE  `start_time` = 1540962240 LIMIT 1 [ RunTime:0.000973s ]
[ 2018-10-31T18:00:02+08:00 ][ info ] [ DB ] INIT mysql
[ info ] [ LOG ] INIT File
[ 2018-10-31T18:00:02+08:00 ][ info ] [ DB ] INIT mysql
[ info ] [ LOG ] INIT File
[ 2018-10-31T18:00:02+08:00 ][ info ] [ DB ] INIT mysql
[ info ] [ LOG ] INIT File
[ 2018-10-31T18:00:02+08:00 ][ sql ] [ DB ] CONNECT:[ UseTime:0.000715s ] mysql:dbname=smgj;host=127.0.0.1;port=3306;charset=utf8
[ 2018-10-31T18:00:02+08:00 ][ sql ] [ DB ] CONNECT:[ UseTime:0.000541s ] mysql:dbname=smgj;host=127.0.0.1;port=3306;charset=utf8
[ 2018-10-31T18:00:02+08:00 ][ sql ] [ SQL ] SHOW COLUMNS FROM `dl_single` [ RunTime:0.001592s ]
[ 2018-10-31T18:00:02+08:00 ][ sql ] [ SQL ] SHOW COLUMNS FROM `dl_single` [ RunTime:0.001709s ]
[ 2018-10-31T18:00:02+08:00 ][ sql ] [ SQL ] SELECT `s`.`id`,`s`.`stage`,`s`.`cate`,`s`.`hall`,`s`.`type`,`s`.`uid`,`s`.`number`,`s`.`money`,`s`.`z_money`,`s`.`multiple`,`s`.`notes`,`s`.`wei`,`s`.`denomination`,`s`.`odds`,`b`.`title`,`m`.`gm_name`,`m`.`is_proxy`,`m`.`proxy_ids`,`m`.`rebate`,`m`.`back_rebate`,`m`.`bonus`,`m`.`proxy_rebate`,`m`.`proxy_bonus`,a.number open_number FROM `dl_single` `s` INNER JOIN `dl_bet` `b` ON `s`.`type`=b.type and s.cate=b.cate INNER JOIN `dl_member` `m` ON `s`.`uid`=`m`.`id` INNER JOIN `dl_at_car` `a` ON `s`.`stage`=`a`.`stage` WHERE  `s`.`cate` = 5  AND `s`.`state` = 0  AND `s`.`code` = 0  AND `s`.`is_del` = 0 LIMIT 1000 [ RunTime:0.000537s ]
[ 2018-10-31T18:00:02+08:00 ][ sql ] [ SQL ] SELECT `s`.`id`,`s`.`stage`,`s`.`cate`,`s`.`hall`,`s`.`type`,`s`.`uid`,`s`.`number`,`s`.`money`,`s`.`z_money`,`s`.`multiple`,`s`.`notes`,`s`.`wei`,`s`.`denomination`,`s`.`odds`,`b`.`title`,`m`.`gm_name`,`m`.`is_proxy`,`m`.`proxy_ids`,`m`.`rebate`,`m`.`back_rebate`,`m`.`bonus`,`m`.`proxy_rebate`,`m`.`proxy_bonus`,a.number open_number FROM `dl_single` `s` INNER JOIN `dl_bet` `b` ON `s`.`type`=b.type and s.cate=b.cate INNER JOIN `dl_member` `m` ON `s`.`uid`=`m`.`id` INNER JOIN `dl_at_cqssc` `a` ON `s`.`stage`=`a`.`stage` WHERE  `s`.`cate` = 3  AND `s`.`state` = 0  AND `s`.`code` = 0  AND `s`.`is_del` = 0 LIMIT 1000 [ RunTime:0.000667s ]
[ 2018-10-31T18:00:02+08:00 ][ sql ] [ DB ] CONNECT:[ UseTime:0.000650s ] mysql:dbname=smgj;host=127.0.0.1;port=3306;charset=utf8
[ 2018-10-31T18:00:02+08:00 ][ sql ] [ SQL ] SHOW COLUMNS FROM `dl_mssc_stage` [ RunTime:0.000939s ]
[ 2018-10-31T18:00:02+08:00 ][ sql ] [ SQL ] SELECT * FROM `dl_mssc_stage` WHERE  `end_time` <= 1540980002 ORDER BY end_time desc LIMIT 1 [ RunTime:0.000461s ]
[ 2018-10-31T18:00:02+08:00 ][ sql ] [ SQL ] SHOW COLUMNS FROM `dl_setting` [ RunTime:0.000921s ]
[ 2018-10-31T18:00:02+08:00 ][ info ] [ CACHE ] INIT File
[ 2018-10-31T18:00:02+08:00 ][ info ] [ DB ] INIT mysql
[ info ] [ LOG ] INIT File
[ 2018-10-31T18:00:02+08:00 ][ sql ] [ DB ] CONNECT:[ UseTime:0.000741s ] mysql:dbname=smgj;host=127.0.0.1;port=3306;charset=utf8
[ 2018-10-31T18:00:02+08:00 ][ sql ] [ SQL ] SHOW COLUMNS FROM `dl_mssc_stage` [ RunTime:0.001174s ]
[ 2018-10-31T18:00:02+08:00 ][ sql ] [ SQL ] SELECT `id` FROM `dl_mssc_stage` WHERE  `start_time` = 1541001600 LIMIT 1 [ RunTime:0.005736s ]
[ 2018-10-31T18:00:02+08:00 ][ sql ] [ SQL ] SHOW COLUMNS FROM `dl_at_xyft` [ RunTime:0.001158s ]
[ 2018-10-31T18:00:02+08:00 ][ sql ] [ SQL ] SELECT * FROM `dl_at_xyft` WHERE  `stage` = '20181031059' LIMIT 1 [ RunTime:0.000314s ]
[ 2018-10-31T18:00:02+08:00 ][ info ] [ DB ] INIT mysql
[ info ] [ LOG ] INIT File
[ 2018-10-31T18:00:02+08:00 ][ info ] [ DB ] INIT mysql
[ info ] [ LOG ] INIT File
[ 2018-10-31T18:00:02+08:00 ][ sql ] [ DB ] CONNECT:[ UseTime:0.000770s ] mysql:dbname=smgj;host=127.0.0.1;port=3306;charset=utf8
[ 2018-10-31T18:00:02+08:00 ][ sql ] [ SQL ] SHOW COLUMNS FROM `dl_single` [ RunTime:0.001477s ]
[ 2018-10-31T18:00:02+08:00 ][ sql ] [ SQL ] SELECT `s`.`id`,`s`.`stage`,`s`.`cate`,`s`.`hall`,`s`.`type`,`s`.`uid`,`s`.`number`,`s`.`money`,`s`.`z_money`,`s`.`multiple`,`s`.`notes`,`s`.`wei`,`s`.`denomination`,`s`.`odds`,`b`.`title`,`m`.`gm_name`,`m`.`is_proxy`,`m`.`proxy_ids`,`m`.`rebate`,`m`.`back_rebate`,`m`.`bonus`,`m`.`proxy_rebate`,`m`.`proxy_bonus`,a.number open_number FROM `dl_single` `s` INNER JOIN `dl_bet` `b` ON `s`.`type`=b.type and s.cate=b.cate INNER JOIN `dl_member` `m` ON `s`.`uid`=`m`.`id` INNER JOIN `dl_at_xyft` `a` ON `s`.`stage`=`a`.`stage` WHERE  `s`.`cate` = 7  AND `s`.`state` = 0  AND `s`.`code` = 0  AND `s`.`is_del` = 0 LIMIT 1000 [ RunTime:0.000451s ]
[ 2018-10-31T18:00:02+08:00 ][ sql ] [ DB ] CONNECT:[ UseTime:0.000641s ] mysql:dbname=smgj;host=127.0.0.1;port=3306;charset=utf8
[ 2018-10-31T18:00:02+08:00 ][ sql ] [ SQL ] SHOW COLUMNS FROM `dl_single` [ RunTime:0.001175s ]
[ 2018-10-31T18:00:02+08:00 ][ sql ] [ SQL ] SELECT `s`.`id`,`s`.`stage`,`s`.`cate`,`s`.`hall`,`s`.`type`,`s`.`uid`,`s`.`number`,`s`.`money`,`s`.`z_money`,`s`.`multiple`,`s`.`notes`,`s`.`wei`,`s`.`denomination`,`s`.`odds`,`b`.`title`,`m`.`gm_name`,`m`.`is_proxy`,`m`.`proxy_ids`,`m`.`rebate`,`m`.`back_rebate`,`m`.`bonus`,`m`.`proxy_rebate`,`m`.`proxy_bonus`,a.number open_number FROM `dl_single` `s` INNER JOIN `dl_bet` `b` ON `s`.`type`=b.type and s.cate=b.cate INNER JOIN `dl_member` `m` ON `s`.`uid`=`m`.`id` INNER JOIN `dl_at_pcdd` `a` ON `s`.`stage`=`a`.`stage` WHERE  `s`.`cate` = 1  AND `s`.`state` = 0  AND `s`.`code` = 0  AND `s`.`is_del` = 0 LIMIT 1000 [ RunTime:0.000504s ]
[ 2018-10-31T18:00:02+08:00 ][ info ] [ DB ] INIT mysql
[ info ] [ LOG ] INIT File
[ 2018-10-31T18:00:02+08:00 ][ sql ] [ DB ] CONNECT:[ UseTime:0.000792s ] mysql:dbname=smgj;host=127.0.0.1;port=3306;charset=utf8
[ 2018-10-31T18:00:02+08:00 ][ sql ] [ SQL ] SHOW COLUMNS FROM `dl_pcdd_stage` [ RunTime:0.001179s ]
[ 2018-10-31T18:00:02+08:00 ][ sql ] [ SQL ] SELECT `id` FROM `dl_pcdd_stage` WHERE  `start_time` = 1540947600 LIMIT 1 [ RunTime:0.000285s ]
[ 2018-10-31T18:00:02+08:00 ][ sql ] [ SQL ] SHOW COLUMNS FROM `dl_at_jndeb` [ RunTime:0.001258s ]
[ 2018-10-31T18:00:02+08:00 ][ sql ] [ SQL ] SELECT * FROM `dl_at_jndeb` WHERE  `stage` = '2349633' LIMIT 1 [ RunTime:0.000402s ]
[ 2018-10-31T18:00:02+08:00 ][ info ] [ DB ] INIT mysql
[ info ] [ LOG ] INIT File
[ 2018-10-31T18:00:02+08:00 ][ sql ] [ DB ] CONNECT:[ UseTime:0.000810s ] mysql:dbname=smgj;host=127.0.0.1;port=3306;charset=utf8
[ 2018-10-31T18:00:02+08:00 ][ sql ] [ SQL ] SHOW COLUMNS FROM `dl_single` [ RunTime:0.001361s ]
[ 2018-10-31T18:00:02+08:00 ][ info ] [ DB ] INIT mysql
[ info ] [ LOG ] INIT File
[ 2018-10-31T18:00:02+08:00 ][ sql ] [ SQL ] SELECT `s`.`id`,`s`.`stage`,`s`.`cate`,`s`.`hall`,`s`.`type`,`s`.`uid`,`s`.`number`,`s`.`money`,`s`.`z_money`,`s`.`multiple`,`s`.`notes`,`s`.`wei`,`s`.`denomination`,`s`.`odds`,`b`.`title`,`m`.`gm_name`,`m`.`is_proxy`,`m`.`proxy_ids`,`m`.`rebate`,`m`.`back_rebate`,`m`.`bonus`,`m`.`proxy_rebate`,`m`.`proxy_bonus`,a.number open_number FROM `dl_single` `s` INNER JOIN `dl_bet` `b` ON `s`.`type`=b.type and s.cate=b.cate INNER JOIN `dl_member` `m` ON `s`.`uid`=`m`.`id` INNER JOIN `dl_at_mssc` `a` ON `s`.`stage`=`a`.`stage` WHERE  `s`.`cate` = 6  AND `s`.`state` = 0  AND `s`.`code` = 0  AND `s`.`is_del` = 0 LIMIT 1000 [ RunTime:0.002113s ]
[ 2018-10-31T18:00:02+08:00 ][ sql ] [ DB ] CONNECT:[ UseTime:0.000745s ] mysql:dbname=smgj;host=127.0.0.1;port=3306;charset=utf8
[ 2018-10-31T18:00:02+08:00 ][ sql ] [ SQL ] SHOW COLUMNS FROM `dl_single` [ RunTime:0.001420s ]
[ 2018-10-31T18:00:02+08:00 ][ sql ] [ SQL ] SELECT `s`.`id`,`s`.`stage`,`s`.`cate`,`s`.`hall`,`s`.`type`,`s`.`uid`,`s`.`number`,`s`.`money`,`s`.`z_money`,`s`.`multiple`,`s`.`notes`,`s`.`wei`,`s`.`denomination`,`s`.`odds`,`b`.`title`,`m`.`gm_name`,`m`.`is_proxy`,`m`.`proxy_ids`,`m`.`rebate`,`m`.`back_rebate`,`m`.`bonus`,`m`.`proxy_rebate`,`m`.`proxy_bonus`,a.number open_number FROM `dl_single` `s` INNER JOIN `dl_bet` `b` ON `s`.`type`=b.type and s.cate=b.cate INNER JOIN `dl_member` `m` ON `s`.`uid`=`m`.`id` INNER JOIN `dl_at_jndeb` `a` ON `s`.`stage`=`a`.`stage` WHERE  `s`.`cate` = 2  AND `s`.`state` = 0  AND `s`.`code` = 0  AND `s`.`is_del` = 0 LIMIT 1000 [ RunTime:0.000551s ]
[ 2018-10-31T18:00:02+08:00 ][ sql ] [ SQL ] SHOW COLUMNS FROM `dl_at_pcdd` [ RunTime:0.001165s ]
[ 2018-10-31T18:00:02+08:00 ][ sql ] [ SQL ] SELECT * FROM `dl_at_pcdd` WHERE  `stage` = '918291' LIMIT 1 [ RunTime:0.000318s ]
[ 2018-10-31T18:00:02+08:00 ][ info ] [ DB ] INIT mysql
[ info ] [ LOG ] INIT File
[ 2018-10-31T18:00:02+08:00 ][ sql ] [ DB ] CONNECT:[ UseTime:0.000788s ] mysql:dbname=smgj;host=127.0.0.1;port=3306;charset=utf8
[ 2018-10-31T18:00:02+08:00 ][ sql ] [ SQL ] SHOW COLUMNS FROM `dl_single` [ RunTime:0.001366s ]
[ 2018-10-31T18:00:02+08:00 ][ info ] [ DB ] INIT mysql
[ info ] [ LOG ] INIT File
[ 2018-10-31T18:00:02+08:00 ][ sql ] [ SQL ] SELECT `s`.`id`,`s`.`stage`,`s`.`cate`,`s`.`hall`,`s`.`type`,`s`.`uid`,`s`.`number`,`s`.`money`,`s`.`z_money`,`s`.`multiple`,`s`.`notes`,`s`.`wei`,`s`.`denomination`,`s`.`odds`,`b`.`title`,`m`.`gm_name`,`m`.`is_proxy`,`m`.`proxy_ids`,`m`.`rebate`,`m`.`back_rebate`,`m`.`bonus`,`m`.`proxy_rebate`,`m`.`proxy_bonus`,a.number open_number FROM `dl_single` `s` INNER JOIN `dl_bet` `b` ON `s`.`type`=b.type and s.cate=b.cate INNER JOIN `dl_member` `m` ON `s`.`uid`=`m`.`id` INNER JOIN `dl_at_xglhc` `a` ON `s`.`stage`=`a`.`stage` WHERE  `s`.`cate` = 8  AND `s`.`state` = 0  AND `s`.`code` = 0  AND `s`.`is_del` = 0 LIMIT 1000 [ RunTime:0.000504s ]
[ 2018-10-31T18:00:02+08:00 ][ sql ] [ DB ] CONNECT:[ UseTime:0.000756s ] mysql:dbname=smgj;host=127.0.0.1;port=3306;charset=utf8
[ 2018-10-31T18:00:02+08:00 ][ sql ] [ SQL ] SHOW COLUMNS FROM `dl_single` [ RunTime:0.001520s ]
[ 2018-10-31T18:00:02+08:00 ][ sql ] [ SQL ] SELECT `s`.`id`,`s`.`stage`,`s`.`cate`,`s`.`hall`,`s`.`type`,`s`.`uid`,`s`.`number`,`s`.`money`,`s`.`z_money`,`s`.`multiple`,`s`.`notes`,`s`.`wei`,`s`.`denomination`,`s`.`odds`,`b`.`title`,`m`.`gm_name`,`m`.`is_proxy`,`m`.`proxy_ids`,`m`.`rebate`,`m`.`back_rebate`,`m`.`bonus`,`m`.`proxy_rebate`,`m`.`proxy_bonus`,a.number open_number FROM `dl_single` `s` INNER JOIN `dl_bet` `b` ON `s`.`type`=b.type and s.cate=b.cate INNER JOIN `dl_member` `m` ON `s`.`uid`=`m`.`id` INNER JOIN `dl_at_msssc` `a` ON `s`.`stage`=`a`.`stage` WHERE  `s`.`cate` = 4  AND `s`.`state` = 0  AND `s`.`code` = 0  AND `s`.`is_del` = 0 LIMIT 1000 [ RunTime:0.000441s ]
[ 2018-10-31T18:00:02+08:00 ][ info ] [ DB ] INIT mysql
[ info ] [ LOG ] INIT File
[ 2018-10-31T18:00:02+08:00 ][ sql ] [ DB ] CONNECT:[ UseTime:0.000712s ] mysql:dbname=smgj;host=127.0.0.1;port=3306;charset=utf8
[ 2018-10-31T18:00:02+08:00 ][ sql ] [ SQL ] SHOW COLUMNS FROM `dl_jndeb_stage` [ RunTime:0.001130s ]
[ 2018-10-31T18:00:02+08:00 ][ sql ] [ SQL ] SELECT * FROM `dl_jndeb_stage` WHERE  `stage` = '2349634' LIMIT 1 [ RunTime:0.000350s ]
[ 2018-10-31T18:00:02+08:00 ][ info ] [ DB ] INIT mysql
[ info ] [ LOG ] INIT File
[ 2018-10-31T18:00:02+08:00 ][ sql ] [ DB ] CONNECT:[ UseTime:0.000650s ] mysql:dbname=smgj;host=127.0.0.1;port=3306;charset=utf8
[ 2018-10-31T18:00:02+08:00 ][ sql ] [ SQL ] SHOW COLUMNS FROM `dl_at_xyft` [ RunTime:0.001105s ]
[ 2018-10-31T18:00:02+08:00 ][ sql ] [ SQL ] SELECT * FROM `dl_at_xyft` WHERE  `stage` = '20181031059' LIMIT 1 [ RunTime:0.000338s ]
[ 2018-10-31T18:00:02+08:00 ][ info ] [ CACHE ] INIT File
[ 2018-10-31T18:00:02+08:00 ][ sql ] [ SQL ] SHOW COLUMNS FROM `dl_at_jndeb` [ RunTime:0.001451s ]
[ 2018-10-31T18:00:02+08:00 ][ sql ] [ SQL ] SELECT * FROM `dl_at_jndeb` WHERE  `stage` = '2349633' LIMIT 1 [ RunTime:0.000287s ]
[ 2018-10-31T18:00:02+08:00 ][ sql ] [ SQL ] SHOW COLUMNS FROM `dl_at_pcdd` [ RunTime:0.001366s ]
[ 2018-10-31T18:00:02+08:00 ][ sql ] [ SQL ] SELECT * FROM `dl_at_pcdd` WHERE  `stage` = '918292' LIMIT 1 [ RunTime:0.000451s ]
[ 2018-10-31T18:00:02+08:00 ][ sql ] [ SQL ] INSERT INTO `dl_at_pcdd` (`stage` , `number` , `dateline` , `create_time`) VALUES ('918292' , '9,0,9' , '2018-10-31 18:00:39' , '2018-10-31 18:00:02') [ RunTime:0.000444s ]
[ 2018-10-31T18:00:02+08:00 ][ sql ] [ SQL ] SHOW COLUMNS FROM `dl_pcdd_stage` [ RunTime:0.001045s ]
[ 2018-10-31T18:00:02+08:00 ][ sql ] [ SQL ] UPDATE `dl_pcdd_stage`  SET `number`='9,0,9'  WHERE  `stage` = '918292' [ RunTime:0.002455s ]
[ 2018-10-31T18:00:07+08:00 ][ info ] [ DB ] INIT mysql
[ info ] [ LOG ] INIT File
[ 2018-10-31T18:00:07+08:00 ][ sql ] [ DB ] CONNECT:[ UseTime:0.000881s ] mysql:dbname=smgj;host=127.0.0.1;port=3306;charset=utf8
[ 2018-10-31T18:00:07+08:00 ][ sql ] [ SQL ] SHOW COLUMNS FROM `dl_at_cqssc` [ RunTime:0.001312s ]
[ 2018-10-31T18:00:07+08:00 ][ sql ] [ SQL ] SELECT * FROM `dl_at_cqssc` WHERE  `stage` = '20181031071' LIMIT 1 [ RunTime:0.000368s ]
[ 2018-10-31T18:00:07+08:00 ][ info ] [ CACHE ] INIT File
[ 2018-10-31T18:00:07+08:00 ][ sql ] [ SQL ] SHOW COLUMNS FROM `dl_at_car` [ RunTime:0.001258s ]
[ 2018-10-31T18:00:07+08:00 ][ sql ] [ SQL ] SELECT * FROM `dl_at_car` WHERE  `stage` = '712314' LIMIT 1 [ RunTime:0.000415s ]
[ 2018-10-31T18:00:07+08:00 ][ sql ] [ SQL ] SHOW COLUMNS FROM `dl_at_xyft` [ RunTime:0.001326s ]
[ 2018-10-31T18:00:07+08:00 ][ sql ] [ SQL ] SELECT * FROM `dl_at_xyft` WHERE  `stage` = '20181031059' LIMIT 1 [ RunTime:0.000319s ]
[ 2018-10-31T18:00:07+08:00 ][ sql ] [ SQL ] SHOW COLUMNS FROM `dl_at_jndeb` [ RunTime:0.001223s ]
[ 2018-10-31T18:00:07+08:00 ][ sql ] [ SQL ] SELECT * FROM `dl_at_jndeb` WHERE  `stage` = '2349633' LIMIT 1 [ RunTime:0.000482s ]
[ 2018-10-31T18:00:08+08:00 ][ sql ] [ SQL ] SHOW COLUMNS FROM `dl_at_pcdd` [ RunTime:0.001160s ]
[ 2018-10-31T18:00:08+08:00 ][ sql ] [ SQL ] SELECT * FROM `dl_at_pcdd` WHERE  `stage` = '918292' LIMIT 1 [ RunTime:0.000499s ]
[ 2018-10-31T18:00:08+08:00 ][ info ] [ DB ] INIT mysql
[ info ] [ LOG ] INIT File
[ 2018-10-31T18:00:08+08:00 ][ sql ] [ DB ] CONNECT:[ UseTime:0.000975s ] mysql:dbname=smgj;host=127.0.0.1;port=3306;charset=utf8
[ 2018-10-31T18:00:08+08:00 ][ sql ] [ SQL ] SHOW COLUMNS FROM `dl_at_cqssc` [ RunTime:0.001099s ]
[ 2018-10-31T18:00:08+08:00 ][ sql ] [ SQL ] SELECT * FROM `dl_at_cqssc` WHERE  `stage` = '20181031071' LIMIT 1 [ RunTime:0.000437s ]
[ 2018-10-31T18:00:08+08:00 ][ info ] [ CACHE ] INIT File
[ 2018-10-31T18:00:08+08:00 ][ sql ] [ SQL ] SHOW COLUMNS FROM `dl_at_car` [ RunTime:0.001193s ]
[ 2018-10-31T18:00:08+08:00 ][ sql ] [ SQL ] SELECT * FROM `dl_at_car` WHERE  `stage` = '712314' LIMIT 1 [ RunTime:0.000294s ]
[ 2018-10-31T18:00:08+08:00 ][ sql ] [ SQL ] SHOW COLUMNS FROM `dl_at_xyft` [ RunTime:0.001203s ]
[ 2018-10-31T18:00:08+08:00 ][ sql ] [ SQL ] SELECT * FROM `dl_at_xyft` WHERE  `stage` = '20181031059' LIMIT 1 [ RunTime:0.000408s ]
[ 2018-10-31T18:00:08+08:00 ][ sql ] [ SQL ] SHOW COLUMNS FROM `dl_at_pcdd` [ RunTime:0.001342s ]
[ 2018-10-31T18:00:08+08:00 ][ sql ] [ SQL ] SELECT * FROM `dl_at_pcdd` WHERE  `stage` = '918292' LIMIT 1 [ RunTime:0.000286s ]
[ 2018-10-31T18:00:09+08:00 ][ info ] [ DB ] INIT mysql
[ info ] [ LOG ] INIT File
[ 2018-10-31T18:00:09+08:00 ][ sql ] [ DB ] CONNECT:[ UseTime:0.000869s ] mysql:dbname=smgj;host=127.0.0.1;port=3306;charset=utf8
[ 2018-10-31T18:00:09+08:00 ][ sql ] [ SQL ] SHOW COLUMNS FROM `dl_robot` [ RunTime:0.001492s ]
[ 2018-10-31T18:00:09+08:00 ][ sql ] [ SQL ] SELECT * FROM `dl_robot` WHERE  `status` = 1  AND `cate` = 2 [ RunTime:0.000397s ]
[ 2018-10-31T18:00:09+08:00 ][ info ] [ CACHE ] INIT File
[ 2018-10-31T18:00:09+08:00 ][ sql ] [ SQL ] SHOW COLUMNS FROM `dl_cate` [ RunTime:0.001115s ]
[ 2018-10-31T18:00:09+08:00 ][ sql ] [ SQL ] SELECT * FROM `dl_cate` WHERE  `id` = 2 LIMIT 1 [ RunTime:0.000323s ]
[ 2018-10-31T18:00:09+08:00 ][ sql ] [ SQL ] SHOW COLUMNS FROM `dl_jndeb_stage` [ RunTime:0.001076s ]
[ 2018-10-31T18:00:09+08:00 ][ sql ] [ SQL ] SELECT * FROM `dl_jndeb_stage` WHERE  `end_time` > 1540980009 LIMIT 1 [ RunTime:0.000464s ]
[ 2018-10-31T18:00:09+08:00 ][ sql ] [ SQL ] SHOW COLUMNS FROM `dl_notice` [ RunTime:0.000915s ]
